#
# A fatal error has been detected by the Java Runtime Environment:
#
#  SIGSEGV (0xb) at pc=0x00007fff201c2c5c, pid=25798, tid=0x0000000000001103
#
# JRE version: Java(TM) SE Runtime Environment (8.0_251-b08) (build 1.8.0_251-b08)
# Java VM: Java HotSpot(TM) 64-Bit Server VM (25.251-b08 mixed mode bsd-amd64 compressed oops)
# Problematic frame:
# C  [libobjc.A.dylib+0xac5c]  objc_autorelease+0x1c
#
# Failed to write core dump. Core dumps have been disabled. To enable core dumping, try "ulimit -c unlimited" before starting Java again
#
# If you would like to submit a bug report, please visit:
#   http://bugreport.java.com/bugreport/crash.jsp
# The crash happened outside the Java Virtual Machine in native code.
# See problematic frame for where to report the bug.
#

---------------  T H R E A D  ---------------

Current thread (0x00007ff408010000):  JavaThread "Client thread" [_thread_in_native, id=4355, stack(0x0000700005162000,0x0000700005262000)]

siginfo: si_signo: 11 (SIGSEGV), si_code: 1 (SEGV_MAPERR), si_addr: 0x0000000000000020

Registers:
RAX=0x0000000000000000, RBX=0x00007ff40d6a8620, RCX=0x000070000525fca0, RDX=0x0000000000000000
RSP=0x000070000525fd58, RBP=0x000070000525fdb0, RSI=0x00007fff7c5667ff, RDI=0x00007ff40d6a8620
R8 =0x0000000000000010, R9 =0x00007ff407c10f10, R10=0x00007fff88c9cdb8, R11=0x00007fff26de5d3c
R12=0x0000000000000000, R13=0x00007fff201bdd00, R14=0x00007ff40bd98530, R15=0x00007ff40d067040
RIP=0x00007fff201c2c5c, EFLAGS=0x0000000000010246, ERR=0x0000000000000004
  TRAPNO=0x000000000000000e

Top of Stack: (sp=0x000070000525fd58)
0x000070000525fd58:   00007fff22c53c59 00007fff88980040
0x000070000525fd68:   00000000c2000000 00007fff22dc43e5
0x000070000525fd78:   00007fff8052c7b0 0000000000000000
0x000070000525fd88:   00007fff201bdd00 00007ff40bb1d6e0
0x000070000525fd98:   0000000132d8af50 00007ff40bd98530
0x000070000525fda8:   00007ff40d067040 000070000525fde0
0x000070000525fdb8:   00007fff232db53c 00007ff40d067040
0x000070000525fdc8:   00007ff40bb1d6e0 000070000525fe68
0x000070000525fdd8:   00007fff7c6383f4 000070000525fe20
0x000070000525fde8:   00007fff232db69b 0000000000000000
0x000070000525fdf8:   0000000000000000 00007ff40bb1d6e0
0x000070000525fe08:   0000000132d8af50 000070000525fe68
0x000070000525fe18:   0000000000000000 000070000525fe50
0x000070000525fe28:   00007fff22c8714e 0000000000000000
0x000070000525fe38:   00007ff40d067040 00007ff40bbcea60
0x000070000525fe48:   00007ff4080101f8 000070000525feb0
0x000070000525fe58:   00007fff22fa5cd2 0000000000000000
0x000070000525fe68:   00007fff88980040 00000000c2000000
0x000070000525fe78:   00007fff232db5d5 00007fff8052ef88
0x000070000525fe88:   0000000000000000 00007ff40bbcea60
0x000070000525fe98:   00007ff40d067040 00007ff40d69c6a0
0x000070000525fea8:   00007ff40d5b2aa0 000070000525fee0
0x000070000525feb8:   0000000131fc5c77 0000000132d8af58
0x000070000525fec8:   0000000000000000 000070000525ff68
0x000070000525fed8:   00007ff408010000 000070000525ff40
0x000070000525fee8:   0000000108fd6667 0000000760d9b018
0x000070000525fef8:   0000000108fd6382 000070000525ff00
0x000070000525ff08:   0000000132d8af50 000070000525ff68
0x000070000525ff18:   0000000132d8b4b8 0000000000000000
0x000070000525ff28:   0000000132d8af58 0000000000000000
0x000070000525ff38:   000070000525ff60 000070000525ffb0
0x000070000525ff48:   0000000108fc62bd 0000000760e479c0 

Instructions: (pc=0x00007fff201c2c5c)
0x00007fff201c2c3c:   90 90 90 90 48 85 ff 74 74 89 f8 83 e0 01 48 85
0x00007fff201c2c4c:   c0 75 6a 48 b8 f8 ff ff ff ff 7f 00 00 48 23 07
0x00007fff201c2c5c:   f6 40 20 04 74 5b 48 8b 04 24 81 38 48 89 c7 e8
0x00007fff201c2c6c:   75 39 48 63 48 04 0f b7 54 01 08 81 fa ff 25 00 

Register to memory mapping:

RAX=0x0000000000000000 is an unknown value
RBX=0x00007ff40d6a8620 is an unknown value
RCX=0x000070000525fca0 is pointing into the stack for thread: 0x00007ff408010000
RDX=0x0000000000000000 is an unknown value
RSP=0x000070000525fd58 is pointing into the stack for thread: 0x00007ff408010000
RBP=0x000070000525fdb0 is pointing into the stack for thread: 0x00007ff408010000
RSI=0x00007fff7c5667ff: GCC_except_table772+0x5c379f3b in /usr/lib/libobjc.A.dylib at 0x00007fff201b8000
RDI=0x00007ff40d6a8620 is an unknown value
R8 =0x0000000000000010 is an unknown value
R9 =0x00007ff407c10f10 is an unknown value
R10=0x00007fff88c9cdb8: OBJC_METACLASS_$_CATransaction+0 in /System/Library/Frameworks/QuartzCore.framework/Versions/A/QuartzCore at 0x00007fff26bae000
R11=0x00007fff26de5d3c: +[CATransaction(CATransactionPrivate) boolValueForKey:]+0 in /System/Library/Frameworks/QuartzCore.framework/Versions/A/QuartzCore at 0x00007fff26bae000
R12=0x0000000000000000 is an unknown value
R13=0x00007fff201bdd00: objc_msgSend+0 in /usr/lib/libobjc.A.dylib at 0x00007fff201b8000
R14=0x00007ff40bd98530 is an unknown value
R15=0x00007ff40d067040 is an unknown value


Stack: [0x0000700005162000,0x0000700005262000],  sp=0x000070000525fd58,  free space=1015k
Native frames: (J=compiled Java code, j=interpreted, Vv=VM code, C=native code)
C  [libobjc.A.dylib+0xac5c]  objc_autorelease+0x1c
C  [AppKit+0x6e553c]  NSOpenGLContextSetLayerOnViewIfNecessary+0xc4
C  [AppKit+0x6e569b]  __27-[NSOpenGLContext setView:]_block_invoke+0xc6
C  [AppKit+0x9114e]  NSPerformVisuallyAtomicChange+0x84
C  [AppKit+0x3afcd2]  -[NSOpenGLContext setView:]+0x8b
C  [liblwjgl.dylib+0x16c77]  Java_org_lwjgl_opengl_MacOSXContextImplementation_setView+0xb7
j  org.lwjgl.opengl.MacOSXContextImplementation.setView(Ljava/nio/ByteBuffer;Ljava/nio/ByteBuffer;)V+0
j  org.lwjgl.opengl.MacOSXContextImplementation.makeCurrent(Lorg/lwjgl/opengl/PeerInfo;Ljava/nio/ByteBuffer;)V+7
j  org.lwjgl.opengl.ContextGL.makeCurrent()V+46
j  org.lwjgl.opengl.DrawableGL.makeCurrent()V+14
j  org.lwjgl.opengl.Display.makeCurrent()V+3
j  org.lwjgl.opengl.Display.makeCurrentAndSetSwapInterval()V+0
j  org.lwjgl.opengl.Display.create(Lorg/lwjgl/opengl/PixelFormat;Lorg/lwjgl/opengl/Drawable;Lorg/lwjgl/opengl/ContextAttribs;)V+108
j  org.lwjgl.opengl.Display.create(Lorg/lwjgl/opengl/PixelFormat;)V+12
j  net.minecraft.client.Minecraft.func_175609_am()V+22
j  net.minecraft.client.Minecraft.func_71384_a()V+119
j  net.minecraft.client.Minecraft.func_99999_d()V+6
j  net.minecraft.client.main.Main.main([Ljava/lang/String;)V+1094
v  ~StubRoutines::call_stub
V  [libjvm.dylib+0x2f09b2]
V  [libjvm.dylib+0x4d82f8]
V  [libjvm.dylib+0x4d882c]
V  [libjvm.dylib+0x348e28]
j  sun.reflect.NativeMethodAccessorImpl.invoke0(Ljava/lang/reflect/Method;Ljava/lang/Object;[Ljava/lang/Object;)Ljava/lang/Object;+0
j  sun.reflect.NativeMethodAccessorImpl.invoke(Ljava/lang/Object;[Ljava/lang/Object;)Ljava/lang/Object;+100
J 1981 C1 sun.reflect.DelegatingMethodAccessorImpl.invoke(Ljava/lang/Object;[Ljava/lang/Object;)Ljava/lang/Object; (10 bytes) @ 0x00000001096293cc [0x00000001096292c0+0x10c]
J 1980 C1 java.lang.reflect.Method.invoke(Ljava/lang/Object;[Ljava/lang/Object;)Ljava/lang/Object; (62 bytes) @ 0x0000000109628ddc [0x00000001096289e0+0x3fc]
j  net.minecraft.launchwrapper.Launch.launch([Ljava/lang/String;)V+661
j  net.minecraft.launchwrapper.Launch.main([Ljava/lang/String;)V+8
v  ~StubRoutines::call_stub
V  [libjvm.dylib+0x2f09b2]
V  [libjvm.dylib+0x4d82f8]
V  [libjvm.dylib+0x4d882c]
V  [libjvm.dylib+0x348e28]
j  sun.reflect.NativeMethodAccessorImpl.invoke0(Ljava/lang/reflect/Method;Ljava/lang/Object;[Ljava/lang/Object;)Ljava/lang/Object;+0
j  sun.reflect.NativeMethodAccessorImpl.invoke(Ljava/lang/Object;[Ljava/lang/Object;)Ljava/lang/Object;+100
j  sun.reflect.DelegatingMethodAccessorImpl.invoke(Ljava/lang/Object;[Ljava/lang/Object;)Ljava/lang/Object;+6
j  java.lang.reflect.Method.invoke(Ljava/lang/Object;[Ljava/lang/Object;)Ljava/lang/Object;+56
j  org.multimc.onesix.OneSixLauncher.launchWithMainClass()I+173
j  org.multimc.onesix.OneSixLauncher.launch(Lorg/multimc/ParamBucket;)I+67
j  org.multimc.EntryPoint.listen()I+160
j  org.multimc.EntryPoint.main([Ljava/lang/String;)V+9
v  ~StubRoutines::call_stub
V  [libjvm.dylib+0x2f09b2]
V  [libjvm.dylib+0x32787d]
V  [libjvm.dylib+0x320609]
C  [java+0x38c6]  JavaMain+0x9c4
C  [libsystem_pthread.dylib+0x6950]  _pthread_start+0xe0
C  [libsystem_pthread.dylib+0x247b]  thread_start+0xf
C  0x0000000000000000

Java frames: (J=compiled Java code, j=interpreted, Vv=VM code)
j  org.lwjgl.opengl.MacOSXContextImplementation.setView(Ljava/nio/ByteBuffer;Ljava/nio/ByteBuffer;)V+0
j  org.lwjgl.opengl.MacOSXContextImplementation.makeCurrent(Lorg/lwjgl/opengl/PeerInfo;Ljava/nio/ByteBuffer;)V+7
j  org.lwjgl.opengl.ContextGL.makeCurrent()V+46
j  org.lwjgl.opengl.DrawableGL.makeCurrent()V+14
j  org.lwjgl.opengl.Display.makeCurrent()V+3
j  org.lwjgl.opengl.Display.makeCurrentAndSetSwapInterval()V+0
j  org.lwjgl.opengl.Display.create(Lorg/lwjgl/opengl/PixelFormat;Lorg/lwjgl/opengl/Drawable;Lorg/lwjgl/opengl/ContextAttribs;)V+108
j  org.lwjgl.opengl.Display.create(Lorg/lwjgl/opengl/PixelFormat;)V+12
j  net.minecraft.client.Minecraft.func_175609_am()V+22
j  net.minecraft.client.Minecraft.func_71384_a()V+119
j  net.minecraft.client.Minecraft.func_99999_d()V+6
j  net.minecraft.client.main.Main.main([Ljava/lang/String;)V+1094
v  ~StubRoutines::call_stub
j  sun.reflect.NativeMethodAccessorImpl.invoke0(Ljava/lang/reflect/Method;Ljava/lang/Object;[Ljava/lang/Object;)Ljava/lang/Object;+0
j  sun.reflect.NativeMethodAccessorImpl.invoke(Ljava/lang/Object;[Ljava/lang/Object;)Ljava/lang/Object;+100
J 1981 C1 sun.reflect.DelegatingMethodAccessorImpl.invoke(Ljava/lang/Object;[Ljava/lang/Object;)Ljava/lang/Object; (10 bytes) @ 0x00000001096293cc [0x00000001096292c0+0x10c]
J 1980 C1 java.lang.reflect.Method.invoke(Ljava/lang/Object;[Ljava/lang/Object;)Ljava/lang/Object; (62 bytes) @ 0x0000000109628ddc [0x00000001096289e0+0x3fc]
j  net.minecraft.launchwrapper.Launch.launch([Ljava/lang/String;)V+661
j  net.minecraft.launchwrapper.Launch.main([Ljava/lang/String;)V+8
v  ~StubRoutines::call_stub
j  sun.reflect.NativeMethodAccessorImpl.invoke0(Ljava/lang/reflect/Method;Ljava/lang/Object;[Ljava/lang/Object;)Ljava/lang/Object;+0
j  sun.reflect.NativeMethodAccessorImpl.invoke(Ljava/lang/Object;[Ljava/lang/Object;)Ljava/lang/Object;+100
j  sun.reflect.DelegatingMethodAccessorImpl.invoke(Ljava/lang/Object;[Ljava/lang/Object;)Ljava/lang/Object;+6
j  java.lang.reflect.Method.invoke(Ljava/lang/Object;[Ljava/lang/Object;)Ljava/lang/Object;+56
j  org.multimc.onesix.OneSixLauncher.launchWithMainClass()I+173
j  org.multimc.onesix.OneSixLauncher.launch(Lorg/multimc/ParamBucket;)I+67
j  org.multimc.EntryPoint.listen()I+160
j  org.multimc.EntryPoint.main([Ljava/lang/String;)V+9
v  ~StubRoutines::call_stub

---------------  P R O C E S S  ---------------

Java Threads: ( => current thread )
  0x00007ff408608800 JavaThread "AWT-Shutdown" [_thread_blocked, id=29715, stack(0x0000700006298000,0x0000700006398000)]
  0x00007ff4104a7000 JavaThread "Timer hack thread" daemon [_thread_blocked, id=25375, stack(0x0000700006195000,0x0000700006295000)]
  0x00007ff40c66c000 JavaThread "Snooper Timer" daemon [_thread_blocked, id=85795, stack(0x00007000065aa000,0x00007000066aa000)]
  0x00007ff41027e000 JavaThread "AppKit Thread" daemon [_thread_in_native, id=775, stack(0x00007ffee9b1d000,0x00007ffeea31d000)]
  0x00007ff409993800 JavaThread "Thread-1" [_thread_blocked, id=12811, stack(0x0000700006092000,0x0000700006192000)]
  0x00007ff40882d000 JavaThread "Service Thread" daemon [_thread_blocked, id=16131, stack(0x0000700005e8c000,0x0000700005f8c000)]
  0x00007ff40802a800 JavaThread "C1 CompilerThread2" daemon [_thread_blocked, id=18947, stack(0x0000700005d89000,0x0000700005e89000)]
  0x00007ff409043800 JavaThread "C2 CompilerThread1" daemon [_thread_in_native, id=15363, stack(0x0000700005c86000,0x0000700005d86000)]
  0x00007ff409041800 JavaThread "C2 CompilerThread0" daemon [_thread_in_native, id=14851, stack(0x0000700005b83000,0x0000700005c83000)]
  0x00007ff409010800 JavaThread "Signal Dispatcher" daemon [_thread_blocked, id=14339, stack(0x0000700005a80000,0x0000700005b80000)]
  0x00007ff408029800 JavaThread "Finalizer" daemon [_thread_blocked, id=11779, stack(0x0000700005877000,0x0000700005977000)]
  0x00007ff40881f800 JavaThread "Reference Handler" daemon [_thread_blocked, id=21251, stack(0x0000700005774000,0x0000700005874000)]
=>0x00007ff408010000 JavaThread "Client thread" [_thread_in_native, id=4355, stack(0x0000700005162000,0x0000700005262000)]

Other Threads:
  0x00007ff408027000 VMThread [stack: 0x0000700005671000,0x0000700005771000] [id=11267]
  0x00007ff409825800 WatcherThread [stack: 0x0000700005f8f000,0x000070000608f000] [id=16387]

VM state:not at safepoint (normal execution)

VM Mutex/Monitor currently owned by a thread: None

heap address: 0x00000005c0000000, size: 8192 MB, Compressed Oops mode: Zero based, Oop shift amount: 3
Narrow klass base: 0x0000000000000000, Narrow klass shift: 3
Compressed class space size: 1073741824 Address: 0x00000007c0000000

Heap:
 PSYoungGen      total 1388544K, used 1270931K [0x0000000715580000, 0x00000007aa300000, 0x00000007c0000000)
  eden space 1304064K, 97% used [0x0000000715580000,0x0000000762ea4c10,0x0000000764f00000)
  from space 84480K, 0% used [0x0000000764f00000,0x0000000764f00000,0x000000076a180000)
  to   space 83968K, 0% used [0x00000007a5100000,0x00000007a5100000,0x00000007aa300000)
 ParOldGen       total 699392K, used 127920K [0x00000005c0000000, 0x00000005eab00000, 0x0000000715580000)
  object space 699392K, 18% used [0x00000005c0000000,0x00000005c7cec0e8,0x00000005eab00000)
 Metaspace       used 43927K, capacity 44738K, committed 45184K, reserved 1087488K
  class space    used 5949K, capacity 6187K, committed 6272K, reserved 1048576K

Card table byte_map: [0x0000000117fbe000,0x0000000118fbf000] byte_map_base: 0x00000001151be000

Marking Bits: (ParMarkBitMap*) 0x0000000108900f60
 Begin Bits: [0x0000000119a6a000, 0x0000000121a6a000)
 End Bits:   [0x0000000121a6a000, 0x0000000129a6a000)

Polling page: 0x0000000105958000

CodeCache: size=245760Kb used=16557Kb max_used=16557Kb free=229202Kb
 bounds [0x0000000108fbe000, 0x0000000109ffe000, 0x0000000117fbe000]
 total_blobs=5678 nmethods=5064 adapters=527
 compilation: enabled

Compilation events (10 events):
Event: 23.016 Thread 0x00007ff40802a800 6078       2       sun.reflect.UnsafeStaticFieldAccessorImpl::<init> (17 bytes)
Event: 23.016 Thread 0x00007ff40802a800 nmethod 6078 0x0000000109ff5e50 code [0x0000000109ff5fc0, 0x0000000109ff6198]
Event: 23.017 Thread 0x00007ff40802a800 6080       2       sun.reflect.FieldAccessorImpl::<init> (5 bytes)
Event: 23.017 Thread 0x00007ff40802a800 nmethod 6080 0x0000000109ff6250 code [0x0000000109ff63a0, 0x0000000109ff64f0]
Event: 23.017 Thread 0x00007ff40802a800 6082       2       sun.reflect.UnsafeFieldAccessorFactory::newFieldAccessor (676 bytes)
Event: 23.019 Thread 0x00007ff40802a800 nmethod 6082 0x0000000109ff6590 code [0x0000000109ff6aa0, 0x0000000109ff8528]
Event: 23.020 Thread 0x00007ff40802a800 6079       2       sun.reflect.UnsafeQualifiedStaticFieldAccessorImpl::<init> (11 bytes)
Event: 23.020 Thread 0x00007ff40802a800 nmethod 6079 0x0000000109ff9cd0 code [0x0000000109ff9e40, 0x0000000109ffa018]
Event: 23.020 Thread 0x00007ff40802a800 6081       2       sun.reflect.UnsafeQualifiedStaticIntegerFieldAccessorImpl::<init> (7 bytes)
Event: 23.021 Thread 0x00007ff40802a800 nmethod 6081 0x0000000109ffa110 code [0x0000000109ffa280, 0x0000000109ffa478]

GC Heap History (10 events):
Event: 9.911 GC heap before
{Heap before GC invocations=5 (full 1):
 PSYoungGen      total 567808K, used 524288K [0x0000000715580000, 0x000000075aa80000, 0x00000007c0000000)
  eden space 524288K, 100% used [0x0000000715580000,0x0000000735580000,0x0000000735580000)
  from space 43520K, 0% used [0x0000000735580000,0x0000000735580000,0x0000000738000000)
  to   space 43520K, 0% used [0x0000000758000000,0x0000000758000000,0x000000075aa80000)
 ParOldGen       total 699392K, used 72945K [0x00000005c0000000, 0x00000005eab00000, 0x0000000715580000)
  object space 699392K, 10% used [0x00000005c0000000,0x00000005c473c4f8,0x00000005eab00000)
 Metaspace       used 28240K, capacity 28730K, committed 29184K, reserved 1075200K
  class space    used 3551K, capacity 3737K, committed 3840K, reserved 1048576K
Event: 10.071 GC heap after
Heap after GC invocations=5 (full 1):
 PSYoungGen      total 878080K, used 43514K [0x0000000715580000, 0x000000075aa80000, 0x00000007c0000000)
  eden space 834560K, 0% used [0x0000000715580000,0x0000000715580000,0x0000000748480000)
  from space 43520K, 99% used [0x0000000758000000,0x000000075aa7e9d0,0x000000075aa80000)
  to   space 43520K, 0% used [0x0000000755580000,0x0000000755580000,0x0000000758000000)
 ParOldGen       total 699392K, used 102026K [0x00000005c0000000, 0x00000005eab00000, 0x0000000715580000)
  object space 699392K, 14% used [0x00000005c0000000,0x00000005c63a28f8,0x00000005eab00000)
 Metaspace       used 28240K, capacity 28730K, committed 29184K, reserved 1075200K
  class space    used 3551K, capacity 3737K, committed 3840K, reserved 1048576K
}
Event: 13.348 GC heap before
{Heap before GC invocations=6 (full 1):
 PSYoungGen      total 878080K, used 878074K [0x0000000715580000, 0x000000075aa80000, 0x00000007c0000000)
  eden space 834560K, 100% used [0x0000000715580000,0x0000000748480000,0x0000000748480000)
  from space 43520K, 99% used [0x0000000758000000,0x000000075aa7e9d0,0x000000075aa80000)
  to   space 43520K, 0% used [0x0000000755580000,0x0000000755580000,0x0000000758000000)
 ParOldGen       total 699392K, used 102026K [0x00000005c0000000, 0x00000005eab00000, 0x0000000715580000)
  object space 699392K, 14% used [0x00000005c0000000,0x00000005c63a28f8,0x00000005eab00000)
 Metaspace       used 30352K, capacity 30962K, committed 31232K, reserved 1077248K
  class space    used 3814K, capacity 4015K, committed 4096K, reserved 1048576K
Event: 13.427 GC heap after
Heap after GC invocations=6 (full 1):
 PSYoungGen      total 1092096K, used 43502K [0x0000000715580000, 0x000000076f380000, 0x00000007c0000000)
  eden space 1048576K, 0% used [0x0000000715580000,0x0000000715580000,0x0000000755580000)
  from space 43520K, 99% used [0x0000000755580000,0x0000000757ffb9b0,0x0000000758000000)
  to   space 83968K, 0% used [0x000000076a180000,0x000000076a180000,0x000000076f380000)
 ParOldGen       total 699392K, used 110167K [0x00000005c0000000, 0x00000005eab00000, 0x0000000715580000)
  object space 699392K, 15% used [0x00000005c0000000,0x00000005c6b95d50,0x00000005eab00000)
 Metaspace       used 30352K, capacity 30962K, committed 31232K, reserved 1077248K
  class space    used 3814K, capacity 4015K, committed 4096K, reserved 1048576K
}
Event: 17.604 GC heap before
{Heap before GC invocations=7 (full 1):
 PSYoungGen      total 1092096K, used 1092078K [0x0000000715580000, 0x000000076f380000, 0x00000007c0000000)
  eden space 1048576K, 100% used [0x0000000715580000,0x0000000755580000,0x0000000755580000)
  from space 43520K, 99% used [0x0000000755580000,0x0000000757ffb9b0,0x0000000758000000)
  to   space 83968K, 0% used [0x000000076a180000,0x000000076a180000,0x000000076f380000)
 ParOldGen       total 699392K, used 110167K [0x00000005c0000000, 0x00000005eab00000, 0x0000000715580000)
  object space 699392K, 15% used [0x00000005c0000000,0x00000005c6b95d50,0x00000005eab00000)
 Metaspace       used 34388K, capacity 35020K, committed 35328K, reserved 1079296K
  class space    used 4277K, capacity 4512K, committed 4608K, reserved 1048576K
Event: 17.679 GC heap after
Heap after GC invocations=7 (full 1):
 PSYoungGen      total 1388032K, used 71401K [0x0000000715580000, 0x0000000781600000, 0x00000007c0000000)
  eden space 1304064K, 0% used [0x0000000715580000,0x0000000715580000,0x0000000764f00000)
  from space 83968K, 85% used [0x000000076a180000,0x000000076e73a6e0,0x000000076f380000)
  to   space 84480K, 0% used [0x0000000764f00000,0x0000000764f00000,0x000000076a180000)
 ParOldGen       total 699392K, used 110183K [0x00000005c0000000, 0x00000005eab00000, 0x0000000715580000)
  object space 699392K, 15% used [0x00000005c0000000,0x00000005c6b99d50,0x00000005eab00000)
 Metaspace       used 34388K, capacity 35020K, committed 35328K, reserved 1079296K
  class space    used 4277K, capacity 4512K, committed 4608K, reserved 1048576K
}
Event: 17.897 GC heap before
{Heap before GC invocations=8 (full 1):
 PSYoungGen      total 1388032K, used 96944K [0x0000000715580000, 0x0000000781600000, 0x00000007c0000000)
  eden space 1304064K, 1% used [0x0000000715580000,0x0000000716e71a80,0x0000000764f00000)
  from space 83968K, 85% used [0x000000076a180000,0x000000076e73a6e0,0x000000076f380000)
  to   space 84480K, 0% used [0x0000000764f00000,0x0000000764f00000,0x000000076a180000)
 ParOldGen       total 699392K, used 110183K [0x00000005c0000000, 0x00000005eab00000, 0x0000000715580000)
  object space 699392K, 15% used [0x00000005c0000000,0x00000005c6b99d50,0x00000005eab00000)
 Metaspace       used 34647K, capacity 35250K, committed 35496K, reserved 1081344K
  class space    used 4324K, capacity 4547K, committed 4608K, reserved 1048576K
Event: 17.966 GC heap after
Heap after GC invocations=8 (full 1):
 PSYoungGen      total 1388544K, used 69640K [0x0000000715580000, 0x00000007aa300000, 0x00000007c0000000)
  eden space 1304064K, 0% used [0x0000000715580000,0x0000000715580000,0x0000000764f00000)
  from space 84480K, 82% used [0x0000000764f00000,0x0000000769302158,0x000000076a180000)
  to   space 83968K, 0% used [0x00000007a5100000,0x00000007a5100000,0x00000007aa300000)
 ParOldGen       total 699392K, used 110183K [0x00000005c0000000, 0x00000005eab00000, 0x0000000715580000)
  object space 699392K, 15% used [0x00000005c0000000,0x00000005c6b99d50,0x00000005eab00000)
 Metaspace       used 34647K, capacity 35250K, committed 35496K, reserved 1081344K
  class space    used 4324K, capacity 4547K, committed 4608K, reserved 1048576K
}
Event: 17.966 GC heap before
{Heap before GC invocations=9 (full 2):
 PSYoungGen      total 1388544K, used 69640K [0x0000000715580000, 0x00000007aa300000, 0x00000007c0000000)
  eden space 1304064K, 0% used [0x0000000715580000,0x0000000715580000,0x0000000764f00000)
  from space 84480K, 82% used [0x0000000764f00000,0x0000000769302158,0x000000076a180000)
  to   space 83968K, 0% used [0x00000007a5100000,0x00000007a5100000,0x00000007aa300000)
 ParOldGen       total 699392K, used 110183K [0x00000005c0000000, 0x00000005eab00000, 0x0000000715580000)
  object space 699392K, 15% used [0x00000005c0000000,0x00000005c6b99d50,0x00000005eab00000)
 Metaspace       used 34647K, capacity 35250K, committed 35496K, reserved 1081344K
  class space    used 4324K, capacity 4547K, committed 4608K, reserved 1048576K
Event: 18.305 GC heap after
Heap after GC invocations=9 (full 2):
 PSYoungGen      total 1388544K, used 0K [0x0000000715580000, 0x00000007aa300000, 0x00000007c0000000)
  eden space 1304064K, 0% used [0x0000000715580000,0x0000000715580000,0x0000000764f00000)
  from space 84480K, 0% used [0x0000000764f00000,0x0000000764f00000,0x000000076a180000)
  to   space 83968K, 0% used [0x00000007a5100000,0x00000007a5100000,0x00000007aa300000)
 ParOldGen       total 699392K, used 127920K [0x00000005c0000000, 0x00000005eab00000, 0x0000000715580000)
  object space 699392K, 18% used [0x00000005c0000000,0x00000005c7cec0e8,0x00000005eab00000)
 Metaspace       used 34647K, capacity 35250K, committed 35496K, reserved 1081344K
  class space    used 4324K, capacity 4547K, committed 4608K, reserved 1048576K
}

Deoptimization events (10 events):
Event: 20.494 Thread 0x00007ff408010000 Uncommon trap: reason=bimorphic action=maybe_recompile pc=0x0000000109bb00d0 method=java.util.AbstractList$Itr.next()Ljava/lang/Object; @ 14
Event: 20.495 Thread 0x00007ff408010000 Uncommon trap: reason=bimorphic action=maybe_recompile pc=0x0000000109bb00d0 method=java.util.AbstractList$Itr.next()Ljava/lang/Object; @ 14
Event: 20.528 Thread 0x00007ff408010000 Uncommon trap: reason=unstable_if action=reinterpret pc=0x0000000109f452e0 method=org.objectweb.asm.signature.SignatureReader.parseType(Ljava/lang/String;ILorg/objectweb/asm/signature/SignatureVisitor;)I @ 263
Event: 20.778 Thread 0x00007ff408010000 Uncommon trap: reason=class_check action=maybe_recompile pc=0x0000000109f195b8 method=org.objectweb.asm.ClassReader.readCode(Lorg/objectweb/asm/MethodVisitor;Lorg/objectweb/asm/Context;I)V @ 2833
Event: 20.780 Thread 0x00007ff408010000 Uncommon trap: reason=class_check action=maybe_recompile pc=0x0000000109f195b8 method=org.objectweb.asm.ClassReader.readCode(Lorg/objectweb/asm/MethodVisitor;Lorg/objectweb/asm/Context;I)V @ 2833
Event: 20.847 Thread 0x00007ff408010000 Uncommon trap: reason=unstable_if action=reinterpret pc=0x0000000109942628 method=org.objectweb.asm.MethodVisitor.<init>(ILorg/objectweb/asm/MethodVisitor;)V @ 7
Event: 21.013 Thread 0x00007ff408010000 Uncommon trap: reason=unstable_if action=reinterpret pc=0x000000010986bbc4 method=java.util.concurrent.ConcurrentHashMap.putVal(Ljava/lang/Object;Ljava/lang/Object;Z)Ljava/lang/Object; @ 195
Event: 21.955 Thread 0x00007ff408010000 Uncommon trap: reason=unstable_if action=reinterpret pc=0x00000001097066d8 method=java.util.Arrays.hashCode([B)I @ 1
Event: 21.983 Thread 0x00007ff408010000 Uncommon trap: reason=unstable_if action=reinterpret pc=0x000000010981c2ac method=java.util.Date.normalize()Lsun/util/calendar/BaseCalendar$Date; @ 45
Event: 22.234 Thread 0x00007ff408010000 Uncommon trap: reason=unstable_if action=reinterpret pc=0x00000001093960d4 method=com.google.common.base.Splitter$SplittingIterator.computeNext()Ljava/lang/String; @ 193

Classes redefined (0 events):
No events

Internal exceptions (10 events):
Event: 22.912 Thread 0x00007ff408010000 Implicit null exception at 0x00000001098e7474 to 0x00000001098e8706
Event: 22.912 Thread 0x00007ff408010000 Exception <a 'java/lang/NullPointerException'> (0x000000075f63a3a0) thrown at [/jenkins/workspace/8-2-build-macosx-x86_64/jdk8u251/737/hotspot/src/share/vm/runtime/sharedRuntime.cpp, line 605]
Event: 22.960 Thread 0x00007ff408010000 Implicit null exception at 0x00000001098e7474 to 0x00000001098e8706
Event: 22.960 Thread 0x00007ff408010000 Exception <a 'java/lang/NullPointerException'> (0x0000000760cff420) thrown at [/jenkins/workspace/8-2-build-macosx-x86_64/jdk8u251/737/hotspot/src/share/vm/runtime/sharedRuntime.cpp, line 605]
Event: 22.960 Thread 0x00007ff408010000 Implicit null exception at 0x00000001098e7474 to 0x00000001098e8706
Event: 22.960 Thread 0x00007ff408010000 Exception <a 'java/lang/NullPointerException'> (0x0000000760d09248) thrown at [/jenkins/workspace/8-2-build-macosx-x86_64/jdk8u251/737/hotspot/src/share/vm/runtime/sharedRuntime.cpp, line 605]
Event: 22.961 Thread 0x00007ff408010000 Implicit null exception at 0x00000001098e7474 to 0x00000001098e8706
Event: 22.961 Thread 0x00007ff408010000 Exception <a 'java/lang/NullPointerException'> (0x0000000760d16858) thrown at [/jenkins/workspace/8-2-build-macosx-x86_64/jdk8u251/737/hotspot/src/share/vm/runtime/sharedRuntime.cpp, line 605]
Event: 22.961 Thread 0x00007ff408010000 Implicit null exception at 0x00000001098e7474 to 0x00000001098e8706
Event: 22.961 Thread 0x00007ff408010000 Exception <a 'java/lang/NullPointerException'> (0x0000000760d1ebc8) thrown at [/jenkins/workspace/8-2-build-macosx-x86_64/jdk8u251/737/hotspot/src/share/vm/runtime/sharedRuntime.cpp, line 605]

Events (10 events):
Event: 23.021 loading class org/lwjgl/opengl/ContextGL
Event: 23.021 loading class org/lwjgl/opengl/ContextGL done
Event: 23.022 loading class org/lwjgl/opengl/ContextImplementation
Event: 23.022 loading class org/lwjgl/opengl/ContextImplementation done
Event: 23.023 loading class org/lwjgl/opengl/MacOSXContextImplementation
Event: 23.023 loading class org/lwjgl/opengl/MacOSXContextImplementation done
Event: 23.023 loading class org/lwjgl/opengl/GLContext
Event: 23.023 loading class org/lwjgl/opengl/GLContext done
Event: 23.025 loading class org/lwjgl/opengl/GLContext$CapabilitiesCacheEntry
Event: 23.025 loading class org/lwjgl/opengl/GLContext$CapabilitiesCacheEntry done


Dynamic libraries:
0x00007fff34f93000 	/System/Library/Frameworks/Cocoa.framework/Versions/A/Cocoa
0x00007fff221d0000 	/System/Library/Frameworks/Security.framework/Versions/A/Security
0x00007fff33192000 	/System/Library/Frameworks/ApplicationServices.framework/Versions/A/ApplicationServices
0x00007fff2a455000 	/usr/lib/libz.1.dylib
0x00007fff2a51d000 	/usr/lib/libSystem.B.dylib
0x00007fff201b8000 	/usr/lib/libobjc.A.dylib
0x00007fff20398000 	/System/Library/Frameworks/CoreFoundation.framework/Versions/A/CoreFoundation
0x00007fff21145000 	/System/Library/Frameworks/Foundation.framework/Versions/C/Foundation
0x00007fff22bf6000 	/System/Library/Frameworks/AppKit.framework/Versions/C/AppKit
0x00007fff25a8c000 	/System/Library/Frameworks/CoreData.framework/Versions/A/CoreData
0x00007fff23959000 	/System/Library/PrivateFrameworks/UIFoundation.framework/Versions/A/UIFoundation
0x00007fff2fb76000 	/System/Library/PrivateFrameworks/RemoteViewServices.framework/Versions/A/RemoteViewServices
0x00007fff2897f000 	/System/Library/PrivateFrameworks/XCTTargetBootstrap.framework/Versions/A/XCTTargetBootstrap
0x00007fff2b65c000 	/usr/lib/libspindump.dylib
0x00007fff23bad000 	/System/Library/Frameworks/UniformTypeIdentifiers.framework/Versions/A/UniformTypeIdentifiers
0x00007fff27156000 	/usr/lib/libapp_launch_measurement.dylib
0x00007fff27159000 	/System/Library/PrivateFrameworks/CoreAutoLayout.framework/Versions/A/CoreAutoLayout
0x00007fff282e1000 	/System/Library/Frameworks/Metal.framework/Versions/A/Metal
0x00007fff28fd0000 	/usr/lib/liblangid.dylib
0x00007fff28983000 	/System/Library/PrivateFrameworks/CoreSVG.framework/Versions/A/CoreSVG
0x00007fff24b94000 	/System/Library/PrivateFrameworks/SkyLight.framework/Versions/A/SkyLight
0x00007fff24efa000 	/System/Library/Frameworks/CoreGraphics.framework/Versions/A/CoreGraphics
0x00007fff301cd000 	/System/Library/Frameworks/Accelerate.framework/Versions/A/Accelerate
0x00007fff2b097000 	/System/Library/PrivateFrameworks/IconServices.framework/Versions/A/IconServices
0x00007fff282c6000 	/System/Library/Frameworks/IOSurface.framework/Versions/A/IOSurface
0x00007fff26415000 	/usr/lib/libDiagnosticMessagesClient.dylib
0x00007fff2896b000 	/System/Library/PrivateFrameworks/DFRFoundation.framework/Versions/A/DFRFoundation
0x00007fff22522000 	/usr/lib/libicucore.A.dylib
0x00007fff2cb9e000 	/System/Library/Frameworks/AudioToolbox.framework/Versions/A/AudioToolbox
0x00007fff2be44000 	/System/Library/PrivateFrameworks/DataDetectorsCore.framework/Versions/A/DataDetectorsCore
0x00007fff2866b000 	/System/Library/Frameworks/Carbon.framework/Versions/A/Frameworks/HIToolbox.framework/Versions/A/HIToolbox
0x00007fff26bae000 	/System/Library/Frameworks/QuartzCore.framework/Versions/A/QuartzCore
0x00007fff2fbb2000 	/System/Library/Frameworks/Carbon.framework/Versions/A/Frameworks/SpeechRecognition.framework/Versions/A/SpeechRecognition
0x00007fff26ebe000 	/System/Library/PrivateFrameworks/CoreUI.framework/Versions/A/CoreUI
0x00007fff21b2c000 	/System/Library/Frameworks/CoreAudio.framework/Versions/A/CoreAudio
0x00007fff26500000 	/System/Library/Frameworks/DiskArbitration.framework/Versions/A/DiskArbitration
0x00007fff2ba57000 	/System/Library/PrivateFrameworks/MultitouchSupport.framework/Versions/A/MultitouchSupport
0x00007fff2be3b000 	/System/Library/PrivateFrameworks/InternationalSupport.framework/Versions/A/InternationalSupport
0x00007fff24b08000 	/usr/lib/libenergytrace.dylib
0x00007fff22af0000 	/System/Library/Frameworks/IOKit.framework/Versions/A/IOKit
0x00007fff2feff000 	/System/Library/Frameworks/CoreServices.framework/Versions/A/CoreServices
0x00007fff270ec000 	/System/Library/PrivateFrameworks/PerformanceAnalysis.framework/Versions/A/PerformanceAnalysis
0x00007fff6c7fc000 	/System/Library/Frameworks/OpenGL.framework/Versions/A/OpenGL
0x00007fff2bec0000 	/System/Library/PrivateFrameworks/UserActivity.framework/Versions/A/UserActivity
0x00007fff2558e000 	/System/Library/Frameworks/ColorSync.framework/Versions/A/ColorSync
0x00007fff28be7000 	/System/Library/Frameworks/CoreImage.framework/Versions/A/CoreImage
0x00007fff21943000 	/System/Library/Frameworks/CoreText.framework/Versions/A/CoreText
0x00007fff289ad000 	/System/Library/Frameworks/ImageIO.framework/Versions/A/ImageIO
0x00007fff2a523000 	/System/Library/PrivateFrameworks/SoftLinking.framework/Versions/A/SoftLinking
0x00007fff271a2000 	/usr/lib/libxml2.2.dylib
0x00007fff2027d000 	/usr/lib/libc++.1.dylib
0x00007fff2a795000 	/usr/lib/libcompression.dylib
0x00007fff24b09000 	/usr/lib/libMobileGestalt.dylib
0x00007fff2bd6e000 	/System/Library/PrivateFrameworks/TextureIO.framework/Versions/A/TextureIO
0x00007fff2adba000 	/usr/lib/libate.dylib
0x00007fff2a517000 	/usr/lib/system/libcache.dylib
0x00007fff2a4d3000 	/usr/lib/system/libcommonCrypto.dylib
0x00007fff2a4fd000 	/usr/lib/system/libcompiler_rt.dylib
0x00007fff2a4f2000 	/usr/lib/system/libcopyfile.dylib
0x00007fff200a7000 	/usr/lib/system/libcorecrypto.dylib
0x00007fff20173000 	/usr/lib/system/libdispatch.dylib
0x00007fff20327000 	/usr/lib/system/libdyld.dylib
0x00007fff2a50e000 	/usr/lib/system/libkeymgr.dylib
0x00007fff2d950000 	/usr/lib/system/liblaunch.dylib
0x00007fff2a4b1000 	/usr/lib/system/libmacho.dylib
0x00007fff29ccc000 	/usr/lib/system/libquarantine.dylib
0x00007fff2a50b000 	/usr/lib/system/libremovefile.dylib
0x00007fff24b65000 	/usr/lib/system/libsystem_asl.dylib
0x00007fff20057000 	/usr/lib/system/libsystem_blocks.dylib
0x00007fff201f4000 	/usr/lib/system/libsystem_c.dylib
0x00007fff2a505000 	/usr/lib/system/libsystem_collections.dylib
0x00007fff28fc1000 	/usr/lib/system/libsystem_configuration.dylib
0x00007fff282b5000 	/usr/lib/system/libsystem_containermanager.dylib
0x00007fff2a24d000 	/usr/lib/system/libsystem_coreservices.dylib
0x00007fff22784000 	/usr/lib/system/libsystem_darwin.dylib
0x00007fff2a50f000 	/usr/lib/system/libsystem_dnssd.dylib
0x00007fff201f1000 	/usr/lib/system/libsystem_featureflags.dylib
0x00007fff2036c000 	/usr/lib/system/libsystem_info.dylib
0x00007fff2a468000 	/usr/lib/system/libsystem_m.dylib
0x00007fff20146000 	/usr/lib/system/libsystem_malloc.dylib
0x00007fff24af9000 	/usr/lib/system/libsystem_networkextension.dylib
0x00007fff22b9e000 	/usr/lib/system/libsystem_notify.dylib
0x00007fff2fdfd000 	/usr/lib/system/libsystem_product_info_filter.dylib
0x00007fff28fc5000 	/usr/lib/system/libsystem_sandbox.dylib
0x00007fff2a508000 	/usr/lib/system/libsystem_secinit.dylib
0x00007fff202ec000 	/usr/lib/system/libsystem_kernel.dylib
0x00007fff20362000 	/usr/lib/system/libsystem_platform.dylib
0x00007fff2031b000 	/usr/lib/system/libsystem_pthread.dylib
0x00007fff26263000 	/usr/lib/system/libsystem_symptoms.dylib
0x00007fff2008f000 	/usr/lib/system/libsystem_trace.dylib
0x00007fff2a4df000 	/usr/lib/system/libunwind.dylib
0x00007fff20059000 	/usr/lib/system/libxpc.dylib
0x00007fff202d3000 	/usr/lib/libc++abi.dylib
0x00007fff2a4ea000 	/usr/lib/liboah.dylib
0x00007fff2aba0000 	/usr/lib/liblzma.5.dylib
0x00007fff20e59000 	/System/Library/Frameworks/SystemConfiguration.framework/Versions/A/SystemConfiguration
0x00007fff2a51f000 	/usr/lib/libfakelink.dylib
0x00007fff2465b000 	/System/Library/Frameworks/CFNetwork.framework/Versions/A/CFNetwork
0x00007fff2a65f000 	/usr/lib/libarchive.2.dylib
0x00007fff20ed7000 	/usr/lib/libCRFSuite.dylib
0x00007fff29cf3000 	/usr/lib/libbsm.0.dylib
0x00007fff24017000 	/usr/lib/libnetwork.dylib
0x00007fff2a524000 	/usr/lib/libpcap.A.dylib
0x00007fff2625c000 	/usr/lib/libdns_services.dylib
0x00007fff2abb9000 	/usr/lib/libcoretls_cfhelpers.dylib
0x00007fff2a763000 	/usr/lib/libapple_nghttp2.dylib
0x00007fff2a4b7000 	/usr/lib/system/libkxld.dylib
0x00007fff25ec2000 	/usr/lib/libsqlite3.dylib
0x00007fff2a22f000 	/System/Library/PrivateFrameworks/AppleFSCompression.framework/Versions/A/AppleFSCompression
0x00007fff29cdb000 	/usr/lib/libcoretls.dylib
0x00007fff2a790000 	/usr/lib/libpam.2.dylib
0x00007fff2acb5000 	/usr/lib/libxar.1.dylib
0x00007fff28fcc000 	/System/Library/PrivateFrameworks/AppleSystemInfo.framework/Versions/A/AppleSystemInfo
0x00007fff2991e000 	/System/Library/PrivateFrameworks/IOMobileFramebuffer.framework/Versions/A/IOMobileFramebuffer
0x00007fff2a23f000 	/usr/lib/libbz2.1.0.dylib
0x00007fff2a55c000 	/usr/lib/libiconv.2.dylib
0x00007fff2a4b0000 	/usr/lib/libcharset.1.dylib
0x00007fff27128000 	/System/Library/Frameworks/CoreServices.framework/Versions/A/Frameworks/FSEvents.framework/Versions/A/FSEvents
0x00007fff2278e000 	/System/Library/Frameworks/CoreServices.framework/Versions/A/Frameworks/CarbonCore.framework/Versions/A/CarbonCore
0x00007fff26465000 	/System/Library/Frameworks/CoreServices.framework/Versions/A/Frameworks/Metadata.framework/Versions/A/Metadata
0x00007fff2a252000 	/System/Library/Frameworks/CoreServices.framework/Versions/A/Frameworks/OSServices.framework/Versions/A/OSServices
0x00007fff2a6d1000 	/System/Library/Frameworks/CoreServices.framework/Versions/A/Frameworks/SearchKit.framework/Versions/A/SearchKit
0x00007fff261e6000 	/System/Library/Frameworks/CoreServices.framework/Versions/A/Frameworks/AE.framework/Versions/A/AE
0x00007fff20834000 	/System/Library/Frameworks/CoreServices.framework/Versions/A/Frameworks/LaunchServices.framework/Versions/A/LaunchServices
0x00007fff2ab51000 	/System/Library/Frameworks/CoreServices.framework/Versions/A/Frameworks/DictionaryServices.framework/Versions/A/DictionaryServices
0x00007fff27131000 	/System/Library/Frameworks/CoreServices.framework/Versions/A/Frameworks/SharedFileList.framework/Versions/A/SharedFileList
0x00007fff29ccf000 	/usr/lib/libCheckFix.dylib
0x00007fff24b7c000 	/System/Library/PrivateFrameworks/TCC.framework/Versions/A/TCC
0x00007fff28fd2000 	/System/Library/PrivateFrameworks/CoreNLP.framework/Versions/A/CoreNLP
0x00007fff26418000 	/System/Library/PrivateFrameworks/MetadataUtilities.framework/Versions/A/MetadataUtilities
0x00007fff20f0d000 	/usr/lib/libmecabra.dylib
0x00007fff29fe2000 	/System/Library/Frameworks/MLCompute.framework/Versions/A/MLCompute
0x00007fff29d04000 	/usr/lib/libmecab.dylib
0x00007fff29d4e000 	/usr/lib/libgermantok.dylib
0x00007fff2a739000 	/usr/lib/libThaiTokenizer.dylib
0x00007fff2acf0000 	/usr/lib/libChineseTokenizer.dylib
0x00007fff2a78e000 	/System/Library/Frameworks/MetalPerformanceShaders.framework/Versions/A/MetalPerformanceShaders
0x00007fff26507000 	/System/Library/Frameworks/Accelerate.framework/Versions/A/Frameworks/vImage.framework/Versions/A/vImage
0x00007fff2fed8000 	/System/Library/Frameworks/Accelerate.framework/Versions/A/Frameworks/vecLib.framework/Versions/A/vecLib
0x00007fff2acfb000 	/System/Library/Frameworks/Accelerate.framework/Versions/A/Frameworks/vecLib.framework/Versions/A/libvMisc.dylib
0x00007fff29737000 	/System/Library/Frameworks/Accelerate.framework/Versions/A/Frameworks/vecLib.framework/Versions/A/libvDSP.dylib
0x00007fff20b38000 	/System/Library/Frameworks/Accelerate.framework/Versions/A/Frameworks/vecLib.framework/Versions/A/libBLAS.dylib
0x00007fff2a7b4000 	/System/Library/Frameworks/Accelerate.framework/Versions/A/Frameworks/vecLib.framework/Versions/A/libLAPACK.dylib
0x00007fff29d54000 	/System/Library/Frameworks/Accelerate.framework/Versions/A/Frameworks/vecLib.framework/Versions/A/libLinearAlgebra.dylib
0x00007fff2a77b000 	/System/Library/Frameworks/Accelerate.framework/Versions/A/Frameworks/vecLib.framework/Versions/A/libSparseBLAS.dylib
0x00007fff2a7ae000 	/System/Library/Frameworks/Accelerate.framework/Versions/A/Frameworks/vecLib.framework/Versions/A/libQuadrature.dylib
0x00007fff2907a000 	/System/Library/Frameworks/Accelerate.framework/Versions/A/Frameworks/vecLib.framework/Versions/A/libBNNS.dylib
0x00007fff20dea000 	/System/Library/Frameworks/Accelerate.framework/Versions/A/Frameworks/vecLib.framework/Versions/A/libSparse.dylib
0x00007fff28f65000 	/System/Library/Frameworks/MetalPerformanceShaders.framework/Versions/A/Frameworks/MPSCore.framework/Versions/A/MPSCore
0x00007fff2a19e000 	/System/Library/Frameworks/MetalPerformanceShaders.framework/Versions/A/Frameworks/MPSImage.framework/Versions/A/MPSImage
0x00007fff29d6a000 	/System/Library/Frameworks/MetalPerformanceShaders.framework/Versions/A/Frameworks/MPSNeuralNetwork.framework/Versions/A/MPSNeuralNetwork
0x00007fff2a129000 	/System/Library/Frameworks/MetalPerformanceShaders.framework/Versions/A/Frameworks/MPSMatrix.framework/Versions/A/MPSMatrix
0x00007fff29f92000 	/System/Library/Frameworks/MetalPerformanceShaders.framework/Versions/A/Frameworks/MPSRayIntersector.framework/Versions/A/MPSRayIntersector
0x00007fff2a160000 	/System/Library/Frameworks/MetalPerformanceShaders.framework/Versions/A/Frameworks/MPSNDArray.framework/Versions/A/MPSNDArray
0x00007fff20a64000 	/System/Library/PrivateFrameworks/MetalTools.framework/Versions/A/MetalTools
0x00007fff28fca000 	/System/Library/PrivateFrameworks/AggregateDictionary.framework/Versions/A/AggregateDictionary
0x00007fff263f0000 	/System/Library/PrivateFrameworks/CoreAnalytics.framework/Versions/A/CoreAnalytics
0x00007fff2a73b000 	/System/Library/PrivateFrameworks/AppleSauce.framework/Versions/A/AppleSauce
0x00007fff282d8000 	/System/Library/PrivateFrameworks/IOAccelerator.framework/Versions/A/IOAccelerator
0x00007fff6c7f0000 	/System/Library/Frameworks/OpenGL.framework/Versions/A/Libraries/libCoreFSCache.dylib
0x00007fff214a9000 	/System/Library/PrivateFrameworks/LanguageModeling.framework/Versions/A/LanguageModeling
0x00007fff2990b000 	/System/Library/PrivateFrameworks/CoreEmoji.framework/Versions/A/CoreEmoji
0x00007fff29073000 	/System/Library/PrivateFrameworks/LinguisticData.framework/Versions/A/LinguisticData
0x00007fff20d9c000 	/System/Library/PrivateFrameworks/Lexicon.framework/Versions/A/Lexicon
0x00007fff2a64d000 	/usr/lib/libcmph.dylib
0x00007fff27108000 	/System/Library/Frameworks/OpenDirectory.framework/Versions/A/Frameworks/CFOpenDirectory.framework/Versions/A/CFOpenDirectory
0x00007fff270f8000 	/System/Library/Frameworks/OpenDirectory.framework/Versions/A/OpenDirectory
0x00007fff2abbb000 	/System/Library/PrivateFrameworks/APFS.framework/Versions/A/APFS
0x00007fff29c30000 	/System/Library/Frameworks/SecurityFoundation.framework/Versions/A/SecurityFoundation
0x00007fff2acc3000 	/usr/lib/libutil.dylib
0x00007fff22ab5000 	/System/Library/PrivateFrameworks/CoreServicesStore.framework/Versions/A/CoreServicesStore
0x00007fff29cc7000 	/System/Library/Frameworks/ServiceManagement.framework/Versions/A/ServiceManagement
0x00007fff2acc7000 	/usr/lib/libxslt.1.dylib
0x00007fff29cbd000 	/System/Library/PrivateFrameworks/BackgroundTaskManagement.framework/Versions/A/BackgroundTaskManagement
0x00007fff2bcb8000 	/System/Library/Frameworks/ImageIO.framework/Versions/A/Resources/libRadiance.dylib
0x00007fff2bcc2000 	/System/Library/Frameworks/ImageIO.framework/Versions/A/Resources/libJPEG.dylib
0x00007fff2bc11000 	/System/Library/Frameworks/ImageIO.framework/Versions/A/Resources/libPng.dylib
0x00007fff2bc38000 	/System/Library/Frameworks/ImageIO.framework/Versions/A/Resources/libTIFF.dylib
0x00007fff2bd17000 	/System/Library/Frameworks/ImageIO.framework/Versions/A/Resources/libGIF.dylib
0x00007fff2b974000 	/System/Library/Frameworks/ImageIO.framework/Versions/A/Resources/libJP2.dylib
0x00007fff2b05e000 	/usr/lib/libexpat.1.dylib
0x00007fff2b929000 	/System/Library/PrivateFrameworks/AppleJPEG.framework/Versions/A/AppleJPEG
0x00007fff2850e000 	/System/Library/PrivateFrameworks/FontServices.framework/libFontParser.dylib
0x00007fff2619a000 	/System/Library/PrivateFrameworks/RunningBoardServices.framework/Versions/A/RunningBoardServices
0x00007fff2ba53000 	/System/Library/PrivateFrameworks/WatchdogClient.framework/Versions/A/WatchdogClient
0x00007fff21596000 	/System/Library/Frameworks/CoreDisplay.framework/Versions/A/CoreDisplay
0x00007fff28424000 	/System/Library/Frameworks/CoreMedia.framework/Versions/A/CoreMedia
0x00007fff27285000 	/System/Library/Frameworks/CoreVideo.framework/Versions/A/CoreVideo
0x00007fff2ba8b000 	/System/Library/Frameworks/VideoToolbox.framework/Versions/A/VideoToolbox
0x00007fff26118000 	/System/Library/PrivateFrameworks/BaseBoard.framework/Versions/A/BaseBoard
0x00007fff2b1a3000 	/System/Library/PrivateFrameworks/PersistentConnection.framework/Versions/A/PersistentConnection
0x00007fff25eab000 	/System/Library/PrivateFrameworks/ProtocolBuffer.framework/Versions/A/ProtocolBuffer
0x00007fff260ff000 	/System/Library/PrivateFrameworks/CommonUtilities.framework/Versions/A/CommonUtilities
0x00007fff2b8be000 	/System/Library/PrivateFrameworks/Bom.framework/Versions/A/Bom
0x00007fff2bcb1000 	/System/Library/PrivateFrameworks/GPUWrangler.framework/Versions/A/GPUWrangler
0x00007fff2bc96000 	/System/Library/PrivateFrameworks/IOPresentment.framework/Versions/A/IOPresentment
0x00007fff2bcbc000 	/System/Library/PrivateFrameworks/DSExternalDisplay.framework/Versions/A/DSExternalDisplay
0x00007fff2bd1c000 	/System/Library/PrivateFrameworks/CMCaptureCore.framework/Versions/A/CMCaptureCore
0x00007fff2b643000 	/System/Library/PrivateFrameworks/AppServerSupport.framework/Versions/A/AppServerSupport
0x00007fff2d6ef000 	/System/Library/PrivateFrameworks/perfdata.framework/Versions/A/perfdata
0x00007fff29c1f000 	/System/Library/PrivateFrameworks/AssertionServices.framework/Versions/A/AssertionServices
0x00007fff216cd000 	/System/Library/PrivateFrameworks/AudioToolboxCore.framework/Versions/A/AudioToolboxCore
0x00007fff28407000 	/System/Library/PrivateFrameworks/caulk.framework/Versions/A/caulk
0x00007fff3d37c000 	/System/Library/PrivateFrameworks/SystemPolicy.framework/Versions/A/SystemPolicy
0x00007fff2ae53000 	/usr/lib/libIOReport.dylib
0x00007fff2cf11000 	/usr/lib/libSMC.dylib
0x00007fff2bbde000 	/usr/lib/libAudioToolboxUtility.dylib
0x00007fff3dce6000 	/usr/lib/libmis.dylib
0x00007fff6c84c000 	/System/Library/Frameworks/OpenGL.framework/Versions/A/Libraries/libGLU.dylib
0x00007fff6c80f000 	/System/Library/Frameworks/OpenGL.framework/Versions/A/Libraries/libGFXShared.dylib
0x00007fff6ca1e000 	/System/Library/Frameworks/OpenGL.framework/Versions/A/Libraries/libGL.dylib
0x00007fff6c818000 	/System/Library/Frameworks/OpenGL.framework/Versions/A/Libraries/libGLImage.dylib
0x00007fff6c80c000 	/System/Library/Frameworks/OpenGL.framework/Versions/A/Libraries/libCVMSPluginSupport.dylib
0x00007fff6c7f7000 	/System/Library/Frameworks/OpenGL.framework/Versions/A/Libraries/libCoreVMClient.dylib
0x00007fff6de5f000 	/System/Library/Frameworks/OpenCL.framework/Versions/A/OpenCL
0x00007fff2b1cd000 	/System/Library/PrivateFrameworks/GraphVisualizer.framework/Versions/A/GraphVisualizer
0x00007fff2b1dc000 	/System/Library/PrivateFrameworks/FaceCore.framework/Versions/A/FaceCore
0x00007fff2b5f8000 	/System/Library/PrivateFrameworks/OTSVG.framework/Versions/A/OTSVG
0x00007fff26e7c000 	/System/Library/Frameworks/ApplicationServices.framework/Versions/A/Frameworks/ATS.framework/Versions/A/Resources/libFontRegistry.dylib
0x00007fff2b64a000 	/System/Library/PrivateFrameworks/FontServices.framework/libhvf.dylib
0x00007fff2b00a000 	/System/Library/PrivateFrameworks/AppleVA.framework/Versions/A/AppleVA
0x00007fff2cd5a000 	/System/Library/Frameworks/ApplicationServices.framework/Versions/A/Frameworks/ATS.framework/Versions/A/ATS
0x00007fff2d06c000 	/System/Library/Frameworks/ApplicationServices.framework/Versions/A/Frameworks/ColorSyncLegacy.framework/Versions/A/ColorSyncLegacy
0x00007fff25685000 	/System/Library/Frameworks/ApplicationServices.framework/Versions/A/Frameworks/HIServices.framework/Versions/A/HIServices
0x00007fff2d051000 	/System/Library/Frameworks/ApplicationServices.framework/Versions/A/Frameworks/LangAnalysis.framework/Versions/A/LangAnalysis
0x00007fff2bd26000 	/System/Library/Frameworks/ApplicationServices.framework/Versions/A/Frameworks/PrintCore.framework/Versions/A/PrintCore
0x00007fff2d074000 	/System/Library/Frameworks/ApplicationServices.framework/Versions/A/Frameworks/QD.framework/Versions/A/QD
0x00007fff2cd4a000 	/System/Library/Frameworks/ApplicationServices.framework/Versions/A/Frameworks/SpeechSynthesis.framework/Versions/A/SpeechSynthesis
0x00007fff2bce7000 	/System/Library/Frameworks/ApplicationServices.framework/Versions/A/Frameworks/ATSUI.framework/Versions/A/ATSUI
0x00007fff2cff1000 	/usr/lib/libcups.2.dylib
0x00007fff2d061000 	/System/Library/PrivateFrameworks/NetAuth.framework/Versions/A/NetAuth
0x00007fff2d70b000 	/System/Library/Frameworks/Kerberos.framework/Versions/A/Kerberos
0x00007fff2d71b000 	/System/Library/Frameworks/GSS.framework/Versions/A/GSS
0x00007fff2cdc6000 	/usr/lib/libresolv.9.dylib
0x00007fff2b65f000 	/System/Library/PrivateFrameworks/Heimdal.framework/Versions/A/Heimdal
0x00007fff33492000 	/System/Library/Frameworks/Kerberos.framework/Versions/A/Libraries/libHeimdalProxy.dylib
0x00007fff2626b000 	/System/Library/Frameworks/Network.framework/Versions/A/Network
0x00007fff2b078000 	/usr/lib/libheimdal-asn1.dylib
0x00007fff2d76b000 	/System/Library/PrivateFrameworks/CommonAuth.framework/Versions/A/CommonAuth
0x00007fff272d2000 	/System/Library/PrivateFrameworks/login.framework/Versions/A/Frameworks/loginsupport.framework/Versions/A/loginsupport
0x00007fff2cccf000 	/System/Library/PrivateFrameworks/AudioSession.framework/Versions/A/AudioSession
0x00007fff2cd37000 	/usr/lib/libAudioStatistics.dylib
0x00007fff2b105000 	/System/Library/PrivateFrameworks/MediaExperience.framework/Versions/A/MediaExperience
0x00007fff2cb6c000 	/System/Library/PrivateFrameworks/AudioSession.framework/libSessionUtility.dylib
0x00007fff2d6fc000 	/usr/lib/libperfcheck.dylib
0x00007fff2d080000 	/System/Library/PrivateFrameworks/AudioResourceArbitration.framework/Versions/A/AudioResourceArbitration
0x00007fff2b082000 	/System/Library/PrivateFrameworks/IconFoundation.framework/Versions/A/IconFoundation
0x00007fff2fba2000 	/System/Library/PrivateFrameworks/SpeechRecognitionCore.framework/Versions/A/SpeechRecognitionCore
0x0000000108000000 	/Library/Internet Plug-Ins/JavaAppletPlugin.plugin/Contents/Home/lib/server/libjvm.dylib
0x00007fff78a8b000 	/usr/lib/libstdc++.6.dylib
0x0000000105914000 	/Library/Internet Plug-Ins/JavaAppletPlugin.plugin/Contents/Home/lib/libverify.dylib
0x0000000105922000 	/Library/Internet Plug-Ins/JavaAppletPlugin.plugin/Contents/Home/lib/libjava.dylib
0x00000001059a2000 	/Library/Internet Plug-Ins/JavaAppletPlugin.plugin/Contents/Home/lib/libzip.dylib
0x000000012d57c000 	/Library/Internet Plug-Ins/JavaAppletPlugin.plugin/Contents/Home/lib/libmanagement.dylib
0x000000012d792000 	/Library/Internet Plug-Ins/JavaAppletPlugin.plugin/Contents/Home/lib/libnet.dylib
0x000000012d7a9000 	/Library/Internet Plug-Ins/JavaAppletPlugin.plugin/Contents/Home/lib/libnio.dylib
0x000000012de15000 	/Library/Internet Plug-Ins/JavaAppletPlugin.plugin/Contents/Home/lib/libsunec.dylib
0x000000012e6b7000 	/Library/Internet Plug-Ins/JavaAppletPlugin.plugin/Contents/Home/lib/libunpack.dylib
0x000000012eed5000 	/Library/Internet Plug-Ins/JavaAppletPlugin.plugin/Contents/Home/lib/libawt.dylib
0x000000012ef7e000 	/Library/Internet Plug-Ins/JavaAppletPlugin.plugin/Contents/Home/lib/libmlib_image.dylib
0x00007fff6f684000 	/System/Library/Frameworks/JavaNativeFoundation.framework/Versions/A/JavaNativeFoundation
0x00007fff6f690000 	/System/Library/Frameworks/JavaRuntimeSupport.framework/Versions/A/JavaRuntimeSupport
0x00007fff3d0f4000 	/System/Library/Frameworks/Carbon.framework/Versions/A/Carbon
0x00007fff31b68000 	/System/Library/PrivateFrameworks/CoreSymbolication.framework/Versions/A/CoreSymbolication
0x00007fff363fa000 	/System/Library/Frameworks/Carbon.framework/Versions/A/Frameworks/CommonPanels.framework/Versions/A/CommonPanels
0x00007fff32f4d000 	/System/Library/Frameworks/Carbon.framework/Versions/A/Frameworks/Help.framework/Versions/A/Help
0x00007fff363fe000 	/System/Library/Frameworks/Carbon.framework/Versions/A/Frameworks/ImageCapture.framework/Versions/A/ImageCapture
0x00007fff363d6000 	/System/Library/Frameworks/Carbon.framework/Versions/A/Frameworks/OpenScripting.framework/Versions/A/OpenScripting
0x00007fff363f6000 	/System/Library/Frameworks/Carbon.framework/Versions/A/Frameworks/Ink.framework/Versions/A/Ink
0x00007fff3d0f0000 	/System/Library/Frameworks/Carbon.framework/Versions/A/Frameworks/Print.framework/Versions/A/Print
0x00007fff363f2000 	/System/Library/Frameworks/Carbon.framework/Versions/A/Frameworks/SecurityHI.framework/Versions/A/SecurityHI
0x00007fff31b2b000 	/System/Library/PrivateFrameworks/DebugSymbols.framework/Versions/A/DebugSymbols
0x000000012f04a000 	/Library/Internet Plug-Ins/JavaAppletPlugin.plugin/Contents/Home/lib/libawt_lwawt.dylib
0x000000012f105000 	/Library/Internet Plug-Ins/JavaAppletPlugin.plugin/Contents/Home/lib/libosxapp.dylib
0x00007fff3c4b4000 	/System/Library/Frameworks/ExceptionHandling.framework/Versions/A/ExceptionHandling
0x00007fff22a76000 	/System/Library/PrivateFrameworks/CoreServicesInternal.framework/Versions/A/CoreServicesInternal
0x00007fff31088000 	/System/Library/Frameworks/FileProvider.framework/Versions/A/FileProvider
0x00007fff26082000 	/System/Library/Frameworks/Accounts.framework/Versions/A/Accounts
0x00007fff311a9000 	/System/Library/PrivateFrameworks/GenerationalStorage.framework/Versions/A/GenerationalStorage
0x00007fff30aa7000 	/System/Library/PrivateFrameworks/SymptomDiagnosticReporter.framework/Versions/A/SymptomDiagnosticReporter
0x00007fff2e3b4000 	/System/Library/PrivateFrameworks/AppContainer.framework/Versions/A/AppContainer
0x00007fff23bc0000 	/System/Library/PrivateFrameworks/DesktopServicesPriv.framework/Versions/A/DesktopServicesPriv
0x00007fff22baa000 	/usr/lib/libsandbox.1.dylib
0x00007fff272fe000 	/System/Library/PrivateFrameworks/UserManagement.framework/Versions/A/UserManagement
0x00007fff29bfc000 	/System/Library/PrivateFrameworks/MobileKeyBag.framework/Versions/A/MobileKeyBag
0x00007fff344fb000 	/System/Library/PrivateFrameworks/ChunkingLibrary.framework/Versions/A/ChunkingLibrary
0x00007fff2e3c9000 	/System/Library/PrivateFrameworks/SecCodeWrapper.framework/Versions/A/SecCodeWrapper
0x00007fff2ae5b000 	/System/Library/PrivateFrameworks/CrashReporterSupport.framework/Versions/A/CrashReporterSupport
0x00007fff4825e000 	/System/Library/PrivateFrameworks/OSAnalytics.framework/Versions/A/OSAnalytics
0x00007fff78377000 	/usr/lib/libRosetta.dylib
0x00007fff32ede000 	/System/Library/PrivateFrameworks/RemoteServiceDiscovery.framework/Versions/A/RemoteServiceDiscovery
0x00007fff5221c000 	/System/Library/PrivateFrameworks/Symbolication.framework/Versions/A/Symbolication
0x00007fff32eee000 	/System/Library/PrivateFrameworks/RemoteXPC.framework/Versions/A/RemoteXPC
0x00007fff393eb000 	/System/Library/PrivateFrameworks/OSAServicesClient.framework/Versions/A/OSAServicesClient
0x00007fff3dcc5000 	/System/Library/PrivateFrameworks/MallocStackLogging.framework/Versions/A/MallocStackLogging
0x00007fff2e14b000 	/System/Library/PrivateFrameworks/Sharing.framework/Versions/A/Sharing
0x00007fff32abb000 	/System/Library/PrivateFrameworks/Apple80211.framework/Versions/A/Apple80211
0x00007fff2a280000 	/System/Library/PrivateFrameworks/AuthKit.framework/Versions/A/AuthKit
0x00007fff299fc000 	/System/Library/PrivateFrameworks/CoreUtils.framework/Versions/A/CoreUtils
0x00007fff29929000 	/System/Library/Frameworks/CoreWLAN.framework/Versions/A/CoreWLAN
0x00007fff2e293000 	/System/Library/Frameworks/IOBluetooth.framework/Versions/A/IOBluetooth
0x00007fff32b1f000 	/System/Library/PrivateFrameworks/CoreWiFi.framework/Versions/A/CoreWiFi
0x00007fff2d7f3000 	/System/Library/PrivateFrameworks/CorePhoneNumbers.framework/Versions/A/CorePhoneNumbers
0x00007fff30baf000 	/System/Library/PrivateFrameworks/DiskManagement.framework/Versions/A/DiskManagement
0x00007fff30ac5000 	/System/Library/PrivateFrameworks/AppleIDAuthSupport.framework/Versions/A/AppleIDAuthSupport
0x00007fff2d7d0000 	/System/Library/PrivateFrameworks/KeychainCircle.framework/Versions/A/KeychainCircle
0x00007fff30b7b000 	/System/Library/PrivateFrameworks/MediaKit.framework/Versions/A/MediaKit
0x00007fff30ad2000 	/System/Library/Frameworks/DiscRecording.framework/Versions/A/DiscRecording
0x00007fff2af7e000 	/usr/lib/libCoreStorage.dylib
0x00007fff32f59000 	/usr/lib/libcsfde.dylib
0x00007fff2e3cd000 	/System/Library/PrivateFrameworks/ProtectedCloudStorage.framework/Versions/A/ProtectedCloudStorage
0x00007fff32f51000 	/System/Library/PrivateFrameworks/EFILogin.framework/Versions/A/EFILogin
0x00007fff33545000 	/System/Library/Frameworks/AudioUnit.framework/Versions/A/AudioUnit
0x00007fff30a44000 	/System/Library/Frameworks/CoreBluetooth.framework/Versions/A/CoreBluetooth
0x00007fff2af76000 	/usr/lib/libMatch.1.dylib
0x00000001308f5000 	/usr/lib/libobjc-trampolines.dylib
0x00007fff43efa000 	/System/Library/CoreServices/RawCamera.bundle/Contents/MacOS/RawCamera
0x00007fff2d77c000 	/System/Library/PrivateFrameworks/MobileAsset.framework/Versions/A/MobileAsset
0x00007fff3356a000 	/System/Library/PrivateFrameworks/StreamingZip.framework/Versions/A/StreamingZip
0x00007fff2bf1f000 	/System/Library/Frameworks/MediaToolbox.framework/Versions/A/MediaToolbox
0x00007fff3105a000 	/System/Library/PrivateFrameworks/CoreAVCHD.framework/Versions/A/CoreAVCHD
0x00007fff3020e000 	/System/Library/Frameworks/MediaAccessibility.framework/Versions/A/MediaAccessibility
0x00007fff31056000 	/System/Library/PrivateFrameworks/Mangrove.framework/Versions/A/Mangrove
0x00007fff3021a000 	/System/Library/PrivateFrameworks/AlgosScoreFramework.framework/Versions/A/AlgosScoreFramework
0x00007fff31a1b000 	/System/Library/PrivateFrameworks/AppleVPA.framework/Versions/A/AppleVPA
0x00007fff30c9b000 	/System/Library/PrivateFrameworks/CoreAUC.framework/Versions/A/CoreAUC
0x00007fff418ec000 	/System/Library/Frameworks/Accelerate.framework/Versions/A/Frameworks/vImage.framework/Versions/A/Libraries/libCGInterfaces.dylib
0x00007fff353c3000 	/System/Library/PrivateFrameworks/FamilyControls.framework/Versions/A/FamilyControls
0x00007fff353e7000 	/System/Library/PrivateFrameworks/CommerceKit.framework/Versions/A/Frameworks/CommerceCore.framework/Versions/A/CommerceCore
0x00007fff3024b000 	/System/Library/PrivateFrameworks/SystemAdministration.framework/Versions/A/SystemAdministration
0x00007fff2fb6a000 	/System/Library/Frameworks/DirectoryService.framework/Versions/A/DirectoryService
0x00007fff32df7000 	/System/Library/PrivateFrameworks/DiskImages.framework/Versions/A/DiskImages
0x00007fff32fcb000 	/System/Library/PrivateFrameworks/LoginUIKit.framework/Versions/A/Frameworks/LoginUICore.framework/Versions/A/LoginUICore
0x00007fff2b8ba000 	/usr/lib/libodfde.dylib
0x00007fff32f65000 	/usr/lib/libcurl.4.dylib
0x00007fff32cc5000 	/usr/lib/libcrypto.44.dylib
0x00007fff32dc9000 	/usr/lib/libssl.46.dylib
0x00007fff32c8b000 	/System/Library/Frameworks/LDAP.framework/Versions/A/LDAP
0x00007fff32cc3000 	/System/Library/PrivateFrameworks/TrustEvaluationAgent.framework/Versions/A/TrustEvaluationAgent
0x00007fff2cddf000 	/usr/lib/libsasl2.2.dylib
0x00007fff3023f000 	/System/Library/PrivateFrameworks/CoreDaemon.framework/Versions/B/CoreDaemon
0x00007fff3023a000 	/System/Library/PrivateFrameworks/AppleSRP.framework/Versions/A/AppleSRP
0x00007fff27000000 	/System/Library/PrivateFrameworks/ViewBridge.framework/Versions/A/ViewBridge
0x00007fff2b720000 	/System/Library/PrivateFrameworks/login.framework/Versions/A/login
0x0000000131f47000 	/Library/Internet Plug-Ins/JavaAppletPlugin.plugin/Contents/Home/lib/libfontmanager.dylib
0x0000000131faf000 	/Applications/Games/MultiMC.app/Contents/MacOS/instances/1.12.2/natives/liblwjgl.dylib
0x0000000132031000 	/Library/Internet Plug-Ins/JavaAppletPlugin.plugin/Contents/Home/lib/libjawt.dylib
0x00007fff700bf000 	/System/Library/PrivateFrameworks/AccessibilityBundles.framework/Versions/A/AccessibilityBundles
0x00007fff6ca29000 	/System/Library/Frameworks/OpenGL.framework/Versions/A/Resources/GLEngine.bundle/GLEngine
0x00007fff6c889000 	/System/Library/Frameworks/OpenGL.framework/Versions/A/Libraries/libGLProgrammability.dylib
0x00007fff62f12000 	/System/Library/Extensions/AppleIntelSKLGraphicsGLDriver.bundle/Contents/MacOS/AppleIntelSKLGraphicsGLDriver
0x00007fff46bf2000 	/System/Library/PrivateFrameworks/GPUSupport.framework/Versions/A/Libraries/libGPUSupportMercury.dylib
0x00007fff6cba5000 	/System/Library/Frameworks/OpenGL.framework/Versions/A/Resources/GLRendererFloat.bundle/GLRendererFloat

VM Arguments:
jvm_args: -Xms1024m -Xmx8192m -Duser.language=en -Djava.library.path=/Applications/Games/MultiMC.app/Contents/MacOS/instances/1.12.2/natives 
java_command: org.multimc.EntryPoint
java_class_path (initial): /Applications/Games/MultiMC.app/Contents/MacOS/jars/NewLaunch.jar:/Applications/Games/MultiMC.app/Contents/MacOS/libraries/net/java/jinput/jinput/2.0.5/jinput-2.0.5.jar:/Applications/Games/MultiMC.app/Contents/MacOS/libraries/net/java/jutils/jutils/1.0.0/jutils-1.0.0.jar:/Applications/Games/MultiMC.app/Contents/MacOS/libraries/org/lwjgl/lwjgl/lwjgl/2.9.4-nightly-20150209/lwjgl-2.9.4-nightly-20150209.jar:/Applications/Games/MultiMC.app/Contents/MacOS/libraries/org/lwjgl/lwjgl/lwjgl_util/2.9.4-nightly-20150209/lwjgl_util-2.9.4-nightly-20150209.jar:/Applications/Games/MultiMC.app/Contents/MacOS/libraries/com/mojang/patchy/1.1/patchy-1.1.jar:/Applications/Games/MultiMC.app/Contents/MacOS/libraries/oshi-project/oshi-core/1.1/oshi-core-1.1.jar:/Applications/Games/MultiMC.app/Contents/MacOS/libraries/net/java/dev/jna/jna/4.4.0/jna-4.4.0.jar:/Applications/Games/MultiMC.app/Contents/MacOS/libraries/net/java/dev/jna/platform/3.4.0/platform-3.4.0.jar:/Applications/Games/MultiMC.app/Contents/MacOS/libraries/com/ibm/icu/icu4j-core-mojang/51.2/icu4j-core-mojang-51.2.jar:/Applications/Games/MultiMC.app/Contents/MacOS/libraries/net/sf/jopt-simple/jopt-simple/5.0.3/jopt-simple-5.0.3.jar:/Applications/Games/MultiMC.app/Contents/MacOS/libraries/com/paulscode/codecjorbis/20101023/codecjorbis-20101023.jar:/Applications/Games/MultiMC.app/Contents/MacOS/libraries/com/paulscode/codecwav/20101023/codecwav-20101023.jar:/Applications/Games/MultiMC.app/Contents/MacOS/libraries/com/paulscode/libraryjavasound/20101123/libraryjavasound-20101123.jar:/Applications/Games/MultiMC.app/Contents/MacOS/libraries/com/paulscode/librarylwjglopenal/20100824/librarylwjglopenal-20100824.jar:/Applications/Games/MultiMC.app/Contents/MacOS/libraries/com/paulscode/soundsystem/20120107/soundsystem-20120107.jar:/Applications/Games/MultiMC.app/Contents/MacOS/libraries/io/netty/netty-all/4.1.9.Final/netty-all-4.1.9.Final.jar:/Applications/Games/MultiMC.app/Contents/MacOS/libraries/com/goog
Launcher Type: SUN_STANDARD

Environment Variables:
PATH=/usr/bin:/bin:/usr/sbin:/sbin
SHELL=/bin/bash
DISPLAY=/private/tmp/com.apple.launchd.SMfCp3yLSi/org.macosforge.xquartz:0

Signal Handlers:
SIGSEGV: [libjvm.dylib+0x5bc2ff], sa_mask[0]=11111111011111110111111111111111, sa_flags=SA_ONSTACK|SA_RESTART|SA_SIGINFO
SIGBUS: [libjvm.dylib+0x5bc2ff], sa_mask[0]=11111111011111110111111111111111, sa_flags=SA_RESTART|SA_SIGINFO
SIGFPE: [libjvm.dylib+0x48d41c], sa_mask[0]=11111111011111110111111111111111, sa_flags=SA_RESTART|SA_SIGINFO
SIGPIPE: [libjvm.dylib+0x48d41c], sa_mask[0]=11111111011111110111111111111111, sa_flags=SA_RESTART|SA_SIGINFO
SIGXFSZ: [libjvm.dylib+0x48d41c], sa_mask[0]=11111111011111110111111111111111, sa_flags=SA_RESTART|SA_SIGINFO
SIGILL: [libjvm.dylib+0x48d41c], sa_mask[0]=11111111011111110111111111111111, sa_flags=SA_RESTART|SA_SIGINFO
SIGUSR1: SIG_DFL, sa_mask[0]=00000000000000000000000000000000, sa_flags=none
SIGUSR2: [libjvm.dylib+0x48cf3a], sa_mask[0]=00000000000000000000000000000000, sa_flags=SA_RESTART|SA_SIGINFO
SIGHUP: [libjvm.dylib+0x48b4c5], sa_mask[0]=11111111011111110111111111111111, sa_flags=SA_RESTART|SA_SIGINFO
SIGINT: [libjvm.dylib+0x48b4c5], sa_mask[0]=11111111011111110111111111111111, sa_flags=SA_RESTART|SA_SIGINFO
SIGTERM: [libjvm.dylib+0x48b4c5], sa_mask[0]=11111111011111110111111111111111, sa_flags=SA_RESTART|SA_SIGINFO
SIGQUIT: [libjvm.dylib+0x48b4c5], sa_mask[0]=11111111011111110111111111111111, sa_flags=SA_RESTART|SA_SIGINFO


---------------  S Y S T E M  ---------------

OS:Bsduname:Darwin 20.2.0 Darwin Kernel Version 20.2.0: Wed Dec  2 20:39:59 PST 2020; root:xnu-7195.60.75~1/RELEASE_X86_64 x86_64
rlimit: STACK 8192k, CORE 0k, NPROC 2784, NOFILE 10240, AS infinity
load average:8.15 7.57 8.90

CPU:total 4 (initial active 4) (2 cores per cpu, 2 threads per core) family 6 model 78 stepping 3, cmov, cx8, fxsr, mmx, sse, sse2, sse3, ssse3, sse4.1, sse4.2, popcnt, avx, avx2, aes, clmul, erms, 3dnowpref, lzcnt, ht, tsc, tscinvbit, bmi1, bmi2, adx

Memory: 4k page, physical 16777216k(503608k free)

/proc/meminfo:


vm_info: Java HotSpot(TM) 64-Bit Server VM (25.251-b08) for bsd-amd64 JRE (1.8.0_251-b08), built on Mar 12 2020 02:36:37 by "java_re" with gcc 4.2.1 (Based on Apple Inc. build 5658) (LLVM build 2336.11.00)

time: Thu Jan  7 12:49:10 2021
timezone: EST
elapsed time: 23 seconds (0d 0h 0m 23s)

