#
# A fatal error has been detected by the Java Runtime Environment:
#
#  SIGSEGV (0xb) at pc=0x0000000000000000, pid=16253, tid=0x000000000001f407
#
# JRE version: Java(TM) SE Runtime Environment (8.0_281-b09) (build 1.8.0_281-b09)
# Java VM: Java HotSpot(TM) 64-Bit Server VM (25.281-b09 mixed mode bsd-amd64 compressed oops)
# Problematic frame:
# C  0x0000000000000000
#
# Failed to write core dump. Core dumps have been disabled. To enable core dumping, try "ulimit -c unlimited" before starting Java again
#
# If you would like to submit a bug report, please visit:
#   http://bugreport.java.com/bugreport/crash.jsp
#

---------------  T H R E A D  ---------------

Current thread is native thread

siginfo: si_signo: 11 (SIGSEGV), si_code: 1 (SEGV_MAPERR), si_addr: 0x0000000000000000

Registers:
RAX=0x000000015d9e1508, RBX=0x00000000000161b0, RCX=0x0000000000000010, RDX=0xfffffffffffffff0
RSP=0x0000700010529a38, RBP=0x0000700010529ae0, RSI=0x0000000000000000, RDI=0x00007ff7cfef4000
R8 =0x0000000000000200, R9 =0x00007ff7d445e120, R10=0x000000015e03e3ba, R11=0xffffffffdda363f0
R12=0x0000000000000200, R13=0x00007ff7cfef4000, R14=0x00007ff7d43e4d10, R15=0x0000000000000800
RIP=0x0000000000000000, EFLAGS=0x0000000000010246, ERR=0x0000000000000014
  TRAPNO=0x000000000000000e

Top of Stack: (sp=0x0000700010529a38)
0x0000700010529a38:   000000015d9b3639 0000000000000000
0x0000700010529a48:   0000000000000000 00007ff7cfefc1b0
0x0000700010529a58:   000000015e1eb000 00007ff7cfefa1b0
0x0000700010529a68:   0000020000000000 0000000000000000
0x0000700010529a78:   0000000000000800 6bc5262100000200
0x0000700010529a88:   00007ff7cfef81b0 00007ff7cfef4000
0x0000700010529a98:   000002002be70122 0000700010529af0
0x0000700010529aa8:   000000010000037f 6bc5262133d400e0
0x0000700010529ab8:   00007ff7d43e4c90 0000000000000200
0x0000700010529ac8:   00007ff7f6a27d30 00007ff7d43e4d10
0x0000700010529ad8:   00007ff7d445e120 0000700010529af0
0x0000700010529ae8:   000000015d9c32ef 0000700010529bb0
0x0000700010529af8:   000000015e03bb6a 0000700010529b30
0x0000700010529b08:   00007ff7e6784a00 00007ff7d857fe00
0x0000700010529b18:   00007ff7d857fff8 0000700010520100
0x0000700010529b28:   00007ff7e6784a80 0000700010529c50
0x0000700010529b38:   0000700010529c68 0000020000000000
0x0000700010529b48:   0000700010529cf0 0000000000000001
0x0000700010529b58:   0000000000000001 0000700010529bb0
0x0000700010529b68:   000000015e03c3de 0000000000000000
0x0000700010529b78:   0000000000000000 6bc5262133d400e0
0x0000700010529b88:   00007ff7d857fe00 0000000000001000
0x0000700010529b98:   0000000000001000 00007ff7e6784a00
0x0000700010529ba8:   00007ff7d4110d70 0000700010529c50
0x0000700010529bb8:   000000015e060028 0000000000000001
0x0000700010529bc8:   0000700010529c68 00007ff7e6784a00
0x0000700010529bd8:   0000700010529cf0 0000000000000000
0x0000700010529be8:   0000020000001fa0 0000700000009fe0
0x0000700010529bf8:   00007fff2be70135 0000000000000000
0x0000700010529c08:   0000000000000000 0000000000000000
0x0000700010529c18:   0000000000000038 6bc5262133d400e0
0x0000700010529c28:   0000000000000200 00007ff7d4110d70 

Instructions: (pc=0x0000000000000000)
0xffffffffffffffe0:   

Register to memory mapping:

RAX=0x000000015d9e1508: PlaybackBackend+0x20 in /Applications/Games/MultiMC.app/Contents/MacOS/instances/1.12.2/natives/openal.dylib at 0x000000015d998000
RBX=0x00000000000161b0 is an unknown value
RCX=0x0000000000000010 is an unknown value
RDX=0xfffffffffffffff0 is an unknown value
RSP=0x0000700010529a38 is an unknown value
RBP=0x0000700010529ae0 is an unknown value
RSI=0x0000000000000000 is an unknown value
RDI=0x00007ff7cfef4000 is an unknown value
R8 =0x0000000000000200 is an unknown value
R9 =0x00007ff7d445e120 is an unknown value
R10=0x000000015e03e3ba: AUGenericOutputFactory+0x170e in /System/Library/Components/CoreAudio.component/Contents/MacOS/CoreAudio at 0x000000015e02f000
R11=0xffffffffdda363f0 is an unknown value
R12=0x0000000000000200 is an unknown value
R13=0x00007ff7cfef4000 is an unknown value
R14=0x00007ff7d43e4d10 is an unknown value
R15=0x0000000000000800 is an unknown value


Stack: [0x00007000104aa000,0x000070001052a000],  sp=0x0000700010529a38,  free space=510k

---------------  P R O C E S S  ---------------

VM state:at safepoint (shutting down)

VM Mutex/Monitor currently owned by a thread:  ([mutex/lock_event])
[0x00007ff7efe05d10] Threads_lock - owner thread: 0x00007ff7f0019800

heap address: 0x00000005c0000000, size: 8192 MB, Compressed Oops mode: Zero based, Oop shift amount: 3
Narrow klass base: 0x0000000000000000, Narrow klass shift: 3
Compressed class space size: 1073741824 Address: 0x00000007c0000000

Heap:
 PSYoungGen      total 2260992K, used 1256490K [0x0000000715580000, 0x00000007c0000000, 0x00000007c0000000)
  eden space 1767936K, 51% used [0x0000000715580000,0x000000074cd040c0,0x0000000781400000)
  from space 493056K, 70% used [0x00000007a1e80000,0x00000007b72067b8,0x00000007c0000000)
  to   space 514048K, 0% used [0x0000000781400000,0x0000000781400000,0x00000007a0a00000)
 ParOldGen       total 5592576K, used 4420247K [0x00000005c0000000, 0x0000000715580000, 0x0000000715580000)
  object space 5592576K, 79% used [0x00000005c0000000,0x00000006cdca5ee0,0x0000000715580000)
 Metaspace       used 383351K, capacity 395489K, committed 395736K, reserved 1370112K
  class space    used 70150K, capacity 74235K, committed 74240K, reserved 1048576K

Card table byte_map: [0x000000010ee03000,0x000000010fe04000] byte_map_base: 0x000000010c003000

Marking Bits: (ParMarkBitMap*) 0x000000010e728488
 Begin Bits: [0x0000000128102000, 0x0000000130102000)
 End Bits:   [0x0000000130102000, 0x0000000138102000)

Polling page: 0x000000010b9b5000

CodeCache: size=245760Kb used=82010Kb max_used=82058Kb free=163749Kb
 bounds [0x0000000119102000, 0x000000011e1d2000, 0x0000000128102000]
 total_blobs=24324 nmethods=22239 adapters=1995
 compilation: enabled

Compilation events (10 events):
Event: 1162.373 Thread 0x00007ff7f102a000 33431       1       javax.management.ObjectName::getCanonicalName (5 bytes)
Event: 1162.373 Thread 0x00007ff7f102a000 nmethod 33431 0x000000011b23af90 code [0x000000011b23b0e0, 0x000000011b23b1f0]
Event: 1162.373 Thread 0x00007ff7f102a000 33430  s    1       java.util.Hashtable::size (5 bytes)
Event: 1162.374 Thread 0x00007ff7f102a000 nmethod 33430 0x000000011b894d90 code [0x000000011b894ee0, 0x000000011b895150]
Event: 1162.398 Thread 0x00007ff7f0024000 33433       4       sun.awt.AWTAutoShutdown::isReadyToShutdown (37 bytes)
Event: 1162.401 Thread 0x00007ff7f0024000 nmethod 33433 0x000000011b894950 code [0x000000011b894ac0, 0x000000011b894bf8]
Event: 1162.411 Thread 0x00007ff7f102a000 33434       3       java.util.logging.LogManager$LoggerContext::ensureInitialized (24 bytes)
Event: 1162.412 Thread 0x00007ff7f102a000 nmethod 33434 0x000000011cf84b50 code [0x000000011cf84d20, 0x000000011cf85548]
Event: 1162.412 Thread 0x00007ff7f102a000 33435  s    3       java.util.logging.LogManager$LoggerContext::findLogger (40 bytes)
Event: 1162.413 Thread 0x00007ff7f102a000 nmethod 33435 0x000000011d930a10 code [0x000000011d930c20, 0x000000011d931ae8]

GC Heap History (10 events):
Event: 1012.279 GC heap before
{Heap before GC invocations=126 (full 10):
 PSYoungGen      total 2378240K, used 2171691K [0x0000000715580000, 0x00000007c0000000, 0x00000007c0000000)
  eden space 1960448K, 100% used [0x0000000715580000,0x000000078d000000,0x000000078d000000)
  from space 417792K, 50% used [0x000000078d000000,0x0000000799e4aec0,0x00000007a6800000)
  to   space 410624K, 0% used [0x00000007a6f00000,0x00000007a6f00000,0x00000007c0000000)
 ParOldGen       total 5592576K, used 4406687K [0x00000005c0000000, 0x0000000715580000, 0x0000000715580000)
  object space 5592576K, 78% used [0x00000005c0000000,0x00000006ccf67ee0,0x0000000715580000)
 Metaspace       used 373581K, capacity 384591K, committed 384728K, reserved 1361920K
  class space    used 68965K, capacity 72899K, committed 72960K, reserved 1048576K
Event: 1012.963 GC heap after
Heap after GC invocations=126 (full 10):
 PSYoungGen      total 2284032K, used 369017K [0x0000000715580000, 0x00000007c0000000, 0x00000007c0000000)
  eden space 1873408K, 0% used [0x0000000715580000,0x0000000715580000,0x0000000787b00000)
  from space 410624K, 89% used [0x00000007a6f00000,0x00000007bd75e610,0x00000007c0000000)
  to   space 461312K, 0% used [0x0000000787b00000,0x0000000787b00000,0x00000007a3d80000)
 ParOldGen       total 5592576K, used 4406687K [0x00000005c0000000, 0x0000000715580000, 0x0000000715580000)
  object space 5592576K, 78% used [0x00000005c0000000,0x00000006ccf67ee0,0x0000000715580000)
 Metaspace       used 373581K, capacity 384591K, committed 384728K, reserved 1361920K
  class space    used 68965K, capacity 72899K, committed 72960K, reserved 1048576K
}
Event: 1023.622 GC heap before
{Heap before GC invocations=127 (full 10):
 PSYoungGen      total 2284032K, used 2242425K [0x0000000715580000, 0x00000007c0000000, 0x00000007c0000000)
  eden space 1873408K, 100% used [0x0000000715580000,0x0000000787b00000,0x0000000787b00000)
  from space 410624K, 89% used [0x00000007a6f00000,0x00000007bd75e610,0x00000007c0000000)
  to   space 461312K, 0% used [0x0000000787b00000,0x0000000787b00000,0x00000007a3d80000)
 ParOldGen       total 5592576K, used 4406687K [0x00000005c0000000, 0x0000000715580000, 0x0000000715580000)
  object space 5592576K, 78% used [0x00000005c0000000,0x00000006ccf67ee0,0x0000000715580000)
 Metaspace       used 377261K, capacity 388409K, committed 388440K, reserved 1363968K
  class space    used 69382K, capacity 73342K, committed 73344K, reserved 1048576K
Event: 1024.035 GC heap after
Heap after GC invocations=127 (full 10):
 PSYoungGen      total 2150400K, used 276495K [0x0000000715580000, 0x00000007c0000000, 0x00000007c0000000)
  eden space 1873408K, 0% used [0x0000000715580000,0x0000000715580000,0x0000000787b00000)
  from space 276992K, 99% used [0x0000000787b00000,0x0000000798903d08,0x0000000798980000)
  to   space 467456K, 0% used [0x00000007a3780000,0x00000007a3780000,0x00000007c0000000)
 ParOldGen       total 5592576K, used 4406695K [0x00000005c0000000, 0x0000000715580000, 0x0000000715580000)
  object space 5592576K, 78% used [0x00000005c0000000,0x00000006ccf69ee0,0x0000000715580000)
 Metaspace       used 377261K, capacity 388409K, committed 388440K, reserved 1363968K
  class space    used 69382K, capacity 73342K, committed 73344K, reserved 1048576K
}
Event: 1025.001 GC heap before
{Heap before GC invocations=128 (full 10):
 PSYoungGen      total 2150400K, used 2149903K [0x0000000715580000, 0x00000007c0000000, 0x00000007c0000000)
  eden space 1873408K, 100% used [0x0000000715580000,0x0000000787b00000,0x0000000787b00000)
  from space 276992K, 99% used [0x0000000787b00000,0x0000000798903d08,0x0000000798980000)
  to   space 467456K, 0% used [0x00000007a3780000,0x00000007a3780000,0x00000007c0000000)
 ParOldGen       total 5592576K, used 4406695K [0x00000005c0000000, 0x0000000715580000, 0x0000000715580000)
  object space 5592576K, 78% used [0x00000005c0000000,0x00000006ccf69ee0,0x0000000715580000)
 Metaspace       used 377345K, capacity 388493K, committed 388824K, reserved 1363968K
  class space    used 69393K, capacity 73350K, committed 73472K, reserved 1048576K
Event: 1025.240 GC heap after
Heap after GC invocations=128 (full 10):
 PSYoungGen      total 2334720K, used 252250K [0x0000000715580000, 0x00000007c0000000, 0x00000007c0000000)
  eden space 1867264K, 0% used [0x0000000715580000,0x0000000715580000,0x0000000787500000)
  from space 467456K, 53% used [0x00000007a3780000,0x00000007b2dd6ab0,0x00000007c0000000)
  to   space 461312K, 0% used [0x0000000787500000,0x0000000787500000,0x00000007a3780000)
 ParOldGen       total 5592576K, used 4406703K [0x00000005c0000000, 0x0000000715580000, 0x0000000715580000)
  object space 5592576K, 78% used [0x00000005c0000000,0x00000006ccf6bee0,0x0000000715580000)
 Metaspace       used 377345K, capacity 388493K, committed 388824K, reserved 1363968K
  class space    used 69393K, capacity 73350K, committed 73472K, reserved 1048576K
}
Event: 1036.818 GC heap before
{Heap before GC invocations=129 (full 10):
 PSYoungGen      total 2334720K, used 2119514K [0x0000000715580000, 0x00000007c0000000, 0x00000007c0000000)
  eden space 1867264K, 100% used [0x0000000715580000,0x0000000787500000,0x0000000787500000)
  from space 467456K, 53% used [0x00000007a3780000,0x00000007b2dd6ab0,0x00000007c0000000)
  to   space 461312K, 0% used [0x0000000787500000,0x0000000787500000,0x00000007a3780000)
 ParOldGen       total 5592576K, used 4406703K [0x00000005c0000000, 0x0000000715580000, 0x0000000715580000)
  object space 5592576K, 78% used [0x00000005c0000000,0x00000006ccf6bee0,0x0000000715580000)
 Metaspace       used 380693K, capacity 391995K, committed 392280K, reserved 1368064K
  class space    used 69808K, capacity 73831K, committed 73856K, reserved 1048576K
Event: 1037.233 GC heap after
Heap after GC invocations=129 (full 10):
 PSYoungGen      total 2225152K, used 357496K [0x0000000715580000, 0x00000007c0000000, 0x00000007c0000000)
  eden space 1867264K, 0% used [0x0000000715580000,0x0000000715580000,0x0000000787500000)
  from space 357888K, 99% used [0x0000000787500000,0x000000079d21e0f0,0x000000079d280000)
  to   space 493056K, 0% used [0x00000007a1e80000,0x00000007a1e80000,0x00000007c0000000)
 ParOldGen       total 5592576K, used 4406711K [0x00000005c0000000, 0x0000000715580000, 0x0000000715580000)
  object space 5592576K, 78% used [0x00000005c0000000,0x00000006ccf6dee0,0x0000000715580000)
 Metaspace       used 380693K, capacity 391995K, committed 392280K, reserved 1368064K
  class space    used 69808K, capacity 73831K, committed 73856K, reserved 1048576K
}
Event: 1048.523 GC heap before
{Heap before GC invocations=130 (full 10):
 PSYoungGen      total 2225152K, used 2224760K [0x0000000715580000, 0x00000007c0000000, 0x00000007c0000000)
  eden space 1867264K, 100% used [0x0000000715580000,0x0000000787500000,0x0000000787500000)
  from space 357888K, 99% used [0x0000000787500000,0x000000079d21e0f0,0x000000079d280000)
  to   space 493056K, 0% used [0x00000007a1e80000,0x00000007a1e80000,0x00000007c0000000)
 ParOldGen       total 5592576K, used 4406711K [0x00000005c0000000, 0x0000000715580000, 0x0000000715580000)
  object space 5592576K, 78% used [0x00000005c0000000,0x00000006ccf6dee0,0x0000000715580000)
 Metaspace       used 383178K, capacity 395425K, committed 395480K, reserved 1370112K
  class space    used 70138K, capacity 74235K, committed 74240K, reserved 1048576K
Event: 1048.886 GC heap after
Heap after GC invocations=130 (full 10):
 PSYoungGen      total 2260992K, used 347673K [0x0000000715580000, 0x00000007c0000000, 0x00000007c0000000)
  eden space 1767936K, 0% used [0x0000000715580000,0x0000000715580000,0x0000000781400000)
  from space 493056K, 70% used [0x00000007a1e80000,0x00000007b72067b8,0x00000007c0000000)
  to   space 514048K, 0% used [0x0000000781400000,0x0000000781400000,0x00000007a0a00000)
 ParOldGen       total 5592576K, used 4420247K [0x00000005c0000000, 0x0000000715580000, 0x0000000715580000)
  object space 5592576K, 79% used [0x00000005c0000000,0x00000006cdca5ee0,0x0000000715580000)
 Metaspace       used 383178K, capacity 395425K, committed 395480K, reserved 1370112K
  class space    used 70138K, capacity 74235K, committed 74240K, reserved 1048576K
}

Deoptimization events (10 events):
Event: 1158.371 Thread 0x00007ff7f0808800 Uncommon trap: reason=unstable_if action=reinterpret pc=0x000000011e1a2bb8 method=net.minecraft.client.renderer.GlStateManager.func_179131_c(FFFF)V @ 30
Event: 1162.358 Thread 0x00007ff7f0808800 Uncommon trap: reason=unstable_if action=reinterpret pc=0x00000001199026c0 method=net.minecraftforge.fml.relauncher.FMLSecurityManager.checkPermission(Ljava/security/Permission;)V @ 23
Event: 1162.361 Thread 0x00007ff7ff509800 Uncommon trap: reason=speculate_class_check action=maybe_recompile pc=0x000000011dbed110 method=java.util.concurrent.locks.ReentrantReadWriteLock$Sync.tryAcquire(I)Z @ 66
Event: 1162.361 Thread 0x00007ff7ff509800 Uncommon trap: reason=array_check action=maybe_recompile pc=0x000000011a3c0e48 method=java.util.ComparableTimSort.reverseRange([Ljava/lang/Object;II)V @ 27
Event: 1162.362 Thread 0x00007ff7ff509800 Uncommon trap: reason=speculate_class_check action=maybe_recompile pc=0x000000011dbed110 method=java.util.concurrent.locks.ReentrantReadWriteLock$Sync.tryAcquire(I)Z @ 66
Event: 1162.362 Thread 0x00007ff7ff509800 Uncommon trap: reason=array_check action=maybe_recompile pc=0x000000011a3c0e48 method=java.util.ComparableTimSort.reverseRange([Ljava/lang/Object;II)V @ 27
Event: 1162.362 Thread 0x00007ff7ff509800 Uncommon trap: reason=speculate_class_check action=maybe_recompile pc=0x000000011dbed110 method=java.util.concurrent.locks.ReentrantReadWriteLock$Sync.tryAcquire(I)Z @ 66
Event: 1162.363 Thread 0x00007ff7ff509800 Uncommon trap: reason=speculate_class_check action=maybe_recompile pc=0x000000011dbed110 method=java.util.concurrent.locks.ReentrantReadWriteLock$Sync.tryAcquire(I)Z @ 66
Event: 1162.363 Thread 0x00007ff7ff509800 Uncommon trap: reason=speculate_class_check action=maybe_recompile pc=0x000000011b62ab84 method=java.util.concurrent.locks.ReentrantReadWriteLock$Sync.tryAcquire(I)Z @ 66
Event: 1162.363 Thread 0x00007ff7ff509800 Uncommon trap: reason=speculate_class_check action=maybe_recompile pc=0x000000011b62ab84 method=java.util.concurrent.locks.ReentrantReadWriteLock$Sync.tryAcquire(I)Z @ 66

Classes redefined (0 events):
No events

Internal exceptions (10 events):
Event: 1091.509 Thread 0x00007ff7d87da800 Exception <a 'java/lang/InterruptedException': sleep interrupted> (0x000000074183cef0) thrown at [/jenkins/workspace/8-2-build-macosx-x86_64/jdk8u281/880/hotspot/src/share/vm/prims/jvm.cpp, line 3346]
Event: 1091.510 Thread 0x00007ff7f6156000 Exception <a 'java/lang/InterruptedException': sleep interrupted> (0x00000007420dedc0) thrown at [/jenkins/workspace/8-2-build-macosx-x86_64/jdk8u281/880/hotspot/src/share/vm/prims/jvm.cpp, line 3346]
Event: 1091.667 Thread 0x00007ff7d87da800 Exception <a 'java/security/PrivilegedActionException'> (0x00000007418598a0) thrown at [/jenkins/workspace/8-2-build-macosx-x86_64/jdk8u281/880/hotspot/src/share/vm/prims/jvm.cpp, line 1512]
Event: 1091.667 Thread 0x00007ff7d87da800 Exception <a 'java/security/PrivilegedActionException'> (0x000000074185ad28) thrown at [/jenkins/workspace/8-2-build-macosx-x86_64/jdk8u281/880/hotspot/src/share/vm/prims/jvm.cpp, line 1512]
Event: 1091.667 Thread 0x00007ff7d87da800 Exception <a 'java/security/PrivilegedActionException'> (0x000000074185c328) thrown at [/jenkins/workspace/8-2-build-macosx-x86_64/jdk8u281/880/hotspot/src/share/vm/prims/jvm.cpp, line 1512]
Event: 1091.667 Thread 0x00007ff7d87da800 Exception <a 'java/security/PrivilegedActionException'> (0x000000074185db10) thrown at [/jenkins/workspace/8-2-build-macosx-x86_64/jdk8u281/880/hotspot/src/share/vm/prims/jvm.cpp, line 1512]
Event: 1091.667 Thread 0x00007ff7d87da800 Exception <a 'java/security/PrivilegedActionException'> (0x000000074185ef98) thrown at [/jenkins/workspace/8-2-build-macosx-x86_64/jdk8u281/880/hotspot/src/share/vm/prims/jvm.cpp, line 1512]
Event: 1091.667 Thread 0x00007ff7d87da800 Exception <a 'java/security/PrivilegedActionException'> (0x0000000741860598) thrown at [/jenkins/workspace/8-2-build-macosx-x86_64/jdk8u281/880/hotspot/src/share/vm/prims/jvm.cpp, line 1512]
Event: 1091.912 Thread 0x00007ff7d87da800 Exception <a 'java/lang/InterruptedException': sleep interrupted> (0x00000007418695d8) thrown at [/jenkins/workspace/8-2-build-macosx-x86_64/jdk8u281/880/hotspot/src/share/vm/prims/jvm.cpp, line 3346]
Event: 1091.912 Thread 0x00007ff7d87da800 Exception <a 'java/lang/InterruptedException': sleep interrupted> (0x0000000741869830) thrown at [/jenkins/workspace/8-2-build-macosx-x86_64/jdk8u281/880/hotspot/src/share/vm/prims/jvm.cpp, line 3298]

Events (10 events):
Event: 1162.410 Thread 0x00007ff7ff2c7800 Thread exited: 0x00007ff7ff2c7800
Event: 1162.410 Thread 0x00007ff7ecfef800 Thread exited: 0x00007ff7ecfef800
Event: 1162.410 Executing VM operation: RevokeBias
Event: 1162.410 Executing VM operation: RevokeBias done
Event: 1162.410 Thread 0x00007ff7fe96d000 Thread exited: 0x00007ff7fe96d000
Event: 1162.410 Thread 0x00007ff7ff509800 Thread exited: 0x00007ff7ff509800
Event: 1162.410 Executing VM operation: RevokeBias
Event: 1162.410 Executing VM operation: RevokeBias done
Event: 1162.411 Thread 0x00007ff7f54cc800 Thread exited: 0x00007ff7f54cc800
Event: 1162.413 Executing VM operation: Exit


Dynamic libraries:
0x00007fff35211000 	/System/Library/Frameworks/Cocoa.framework/Versions/A/Cocoa
0x00007fff22436000 	/System/Library/Frameworks/Security.framework/Versions/A/Security
0x00007fff3340e000 	/System/Library/Frameworks/ApplicationServices.framework/Versions/A/ApplicationServices
0x00007fff2a6bf000 	/usr/lib/libz.1.dylib
0x00007fff2a787000 	/usr/lib/libSystem.B.dylib
0x00007fff205fc000 	/System/Library/Frameworks/CoreFoundation.framework/Versions/A/CoreFoundation
0x00007fff213a9000 	/System/Library/Frameworks/Foundation.framework/Versions/C/Foundation
0x00007fff2041c000 	/usr/lib/libobjc.A.dylib
0x00007fff22e5d000 	/System/Library/Frameworks/AppKit.framework/Versions/C/AppKit
0x00007fff25cf5000 	/System/Library/Frameworks/CoreData.framework/Versions/A/CoreData
0x00007fff23bc0000 	/System/Library/PrivateFrameworks/UIFoundation.framework/Versions/A/UIFoundation
0x00007fff2fded000 	/System/Library/PrivateFrameworks/RemoteViewServices.framework/Versions/A/RemoteViewServices
0x00007fff28be6000 	/System/Library/PrivateFrameworks/XCTTargetBootstrap.framework/Versions/A/XCTTargetBootstrap
0x00007fff2b8c7000 	/usr/lib/libspindump.dylib
0x00007fff23e15000 	/System/Library/Frameworks/UniformTypeIdentifiers.framework/Versions/A/UniformTypeIdentifiers
0x00007fff273bc000 	/usr/lib/libapp_launch_measurement.dylib
0x00007fff273bf000 	/System/Library/PrivateFrameworks/CoreAutoLayout.framework/Versions/A/CoreAutoLayout
0x00007fff28548000 	/System/Library/Frameworks/Metal.framework/Versions/A/Metal
0x00007fff29238000 	/usr/lib/liblangid.dylib
0x00007fff28bea000 	/System/Library/PrivateFrameworks/CoreSVG.framework/Versions/A/CoreSVG
0x00007fff24dfc000 	/System/Library/PrivateFrameworks/SkyLight.framework/Versions/A/SkyLight
0x00007fff25163000 	/System/Library/Frameworks/CoreGraphics.framework/Versions/A/CoreGraphics
0x00007fff30444000 	/System/Library/Frameworks/Accelerate.framework/Versions/A/Accelerate
0x00007fff2b302000 	/System/Library/PrivateFrameworks/IconServices.framework/Versions/A/IconServices
0x00007fff2852d000 	/System/Library/Frameworks/IOSurface.framework/Versions/A/IOSurface
0x00007fff2667e000 	/usr/lib/libDiagnosticMessagesClient.dylib
0x00007fff28bd2000 	/System/Library/PrivateFrameworks/DFRFoundation.framework/Versions/A/DFRFoundation
0x00007fff22788000 	/usr/lib/libicucore.A.dylib
0x00007fff2ce0e000 	/System/Library/Frameworks/AudioToolbox.framework/Versions/A/AudioToolbox
0x00007fff2c0b3000 	/System/Library/PrivateFrameworks/DataDetectorsCore.framework/Versions/A/DataDetectorsCore
0x00007fff288d2000 	/System/Library/Frameworks/Carbon.framework/Versions/A/Frameworks/HIToolbox.framework/Versions/A/HIToolbox
0x00007fff26e17000 	/System/Library/Frameworks/QuartzCore.framework/Versions/A/QuartzCore
0x00007fff2fe29000 	/System/Library/Frameworks/Carbon.framework/Versions/A/Frameworks/SpeechRecognition.framework/Versions/A/SpeechRecognition
0x00007fff27124000 	/System/Library/PrivateFrameworks/CoreUI.framework/Versions/A/CoreUI
0x00007fff21d91000 	/System/Library/Frameworks/CoreAudio.framework/Versions/A/CoreAudio
0x00007fff26769000 	/System/Library/Frameworks/DiskArbitration.framework/Versions/A/DiskArbitration
0x00007fff2bcc2000 	/System/Library/PrivateFrameworks/MultitouchSupport.framework/Versions/A/MultitouchSupport
0x00007fff2c0aa000 	/System/Library/PrivateFrameworks/InternationalSupport.framework/Versions/A/InternationalSupport
0x00007fff24d70000 	/usr/lib/libenergytrace.dylib
0x00007fff22d56000 	/System/Library/Frameworks/IOKit.framework/Versions/A/IOKit
0x00007fff30176000 	/System/Library/Frameworks/CoreServices.framework/Versions/A/CoreServices
0x00007fff27352000 	/System/Library/PrivateFrameworks/PerformanceAnalysis.framework/Versions/A/PerformanceAnalysis
0x00007fff6cadf000 	/System/Library/Frameworks/OpenGL.framework/Versions/A/OpenGL
0x00007fff2c12f000 	/System/Library/PrivateFrameworks/UserActivity.framework/Versions/A/UserActivity
0x00007fff257f7000 	/System/Library/Frameworks/ColorSync.framework/Versions/A/ColorSync
0x00007fff28e4f000 	/System/Library/Frameworks/CoreImage.framework/Versions/A/CoreImage
0x00007fff21ba8000 	/System/Library/Frameworks/CoreText.framework/Versions/A/CoreText
0x00007fff28c14000 	/System/Library/Frameworks/ImageIO.framework/Versions/A/ImageIO
0x00007fff2a78d000 	/System/Library/PrivateFrameworks/SoftLinking.framework/Versions/A/SoftLinking
0x00007fff27408000 	/usr/lib/libxml2.2.dylib
0x00007fff204e1000 	/usr/lib/libc++.1.dylib
0x00007fff2a9ff000 	/usr/lib/libcompression.dylib
0x00007fff24d71000 	/usr/lib/libMobileGestalt.dylib
0x00007fff2bfdd000 	/System/Library/PrivateFrameworks/TextureIO.framework/Versions/A/TextureIO
0x00007fff2b025000 	/usr/lib/libate.dylib
0x00007fff2a781000 	/usr/lib/system/libcache.dylib
0x00007fff2a73d000 	/usr/lib/system/libcommonCrypto.dylib
0x00007fff2a767000 	/usr/lib/system/libcompiler_rt.dylib
0x00007fff2a75c000 	/usr/lib/system/libcopyfile.dylib
0x00007fff2030a000 	/usr/lib/system/libcorecrypto.dylib
0x00007fff203d7000 	/usr/lib/system/libdispatch.dylib
0x00007fff2058b000 	/usr/lib/system/libdyld.dylib
0x00007fff2a778000 	/usr/lib/system/libkeymgr.dylib
0x00007fff2dbc0000 	/usr/lib/system/liblaunch.dylib
0x00007fff2a71b000 	/usr/lib/system/libmacho.dylib
0x00007fff29f35000 	/usr/lib/system/libquarantine.dylib
0x00007fff2a775000 	/usr/lib/system/libremovefile.dylib
0x00007fff24dcd000 	/usr/lib/system/libsystem_asl.dylib
0x00007fff202ba000 	/usr/lib/system/libsystem_blocks.dylib
0x00007fff20458000 	/usr/lib/system/libsystem_c.dylib
0x00007fff2a76f000 	/usr/lib/system/libsystem_collections.dylib
0x00007fff29229000 	/usr/lib/system/libsystem_configuration.dylib
0x00007fff2851c000 	/usr/lib/system/libsystem_containermanager.dylib
0x00007fff2a4b7000 	/usr/lib/system/libsystem_coreservices.dylib
0x00007fff229ea000 	/usr/lib/system/libsystem_darwin.dylib
0x00007fff2a779000 	/usr/lib/system/libsystem_dnssd.dylib
0x00007fff20455000 	/usr/lib/system/libsystem_featureflags.dylib
0x00007fff205d0000 	/usr/lib/system/libsystem_info.dylib
0x00007fff2a6d2000 	/usr/lib/system/libsystem_m.dylib
0x00007fff203aa000 	/usr/lib/system/libsystem_malloc.dylib
0x00007fff24d61000 	/usr/lib/system/libsystem_networkextension.dylib
0x00007fff22e05000 	/usr/lib/system/libsystem_notify.dylib
0x00007fff30074000 	/usr/lib/system/libsystem_product_info_filter.dylib
0x00007fff2922d000 	/usr/lib/system/libsystem_sandbox.dylib
0x00007fff2a772000 	/usr/lib/system/libsystem_secinit.dylib
0x00007fff20550000 	/usr/lib/system/libsystem_kernel.dylib
0x00007fff205c6000 	/usr/lib/system/libsystem_platform.dylib
0x00007fff2057f000 	/usr/lib/system/libsystem_pthread.dylib
0x00007fff264cc000 	/usr/lib/system/libsystem_symptoms.dylib
0x00007fff202f2000 	/usr/lib/system/libsystem_trace.dylib
0x00007fff2a749000 	/usr/lib/system/libunwind.dylib
0x00007fff202bc000 	/usr/lib/system/libxpc.dylib
0x00007fff20537000 	/usr/lib/libc++abi.dylib
0x00007fff2a754000 	/usr/lib/liboah.dylib
0x00007fff2ae0a000 	/usr/lib/liblzma.5.dylib
0x00007fff210bd000 	/System/Library/Frameworks/SystemConfiguration.framework/Versions/A/SystemConfiguration
0x00007fff2a789000 	/usr/lib/libfakelink.dylib
0x00007fff248c3000 	/System/Library/Frameworks/CFNetwork.framework/Versions/A/CFNetwork
0x00007fff2a8c9000 	/usr/lib/libarchive.2.dylib
0x00007fff2113b000 	/usr/lib/libCRFSuite.dylib
0x00007fff29f5c000 	/usr/lib/libbsm.0.dylib
0x00007fff2427f000 	/usr/lib/libnetwork.dylib
0x00007fff2a78e000 	/usr/lib/libpcap.A.dylib
0x00007fff264c5000 	/usr/lib/libdns_services.dylib
0x00007fff2ae23000 	/usr/lib/libcoretls_cfhelpers.dylib
0x00007fff2a9cd000 	/usr/lib/libapple_nghttp2.dylib
0x00007fff2a721000 	/usr/lib/system/libkxld.dylib
0x00007fff2612b000 	/usr/lib/libsqlite3.dylib
0x00007fff2a499000 	/System/Library/PrivateFrameworks/AppleFSCompression.framework/Versions/A/AppleFSCompression
0x00007fff29f44000 	/usr/lib/libcoretls.dylib
0x00007fff2a9fa000 	/usr/lib/libpam.2.dylib
0x00007fff2af20000 	/usr/lib/libxar.1.dylib
0x00007fff29234000 	/System/Library/PrivateFrameworks/AppleSystemInfo.framework/Versions/A/AppleSystemInfo
0x00007fff29b87000 	/System/Library/PrivateFrameworks/IOMobileFramebuffer.framework/Versions/A/IOMobileFramebuffer
0x00007fff2a4a9000 	/usr/lib/libbz2.1.0.dylib
0x00007fff2a7c6000 	/usr/lib/libiconv.2.dylib
0x00007fff2a71a000 	/usr/lib/libcharset.1.dylib
0x00007fff2738e000 	/System/Library/Frameworks/CoreServices.framework/Versions/A/Frameworks/FSEvents.framework/Versions/A/FSEvents
0x00007fff229f4000 	/System/Library/Frameworks/CoreServices.framework/Versions/A/Frameworks/CarbonCore.framework/Versions/A/CarbonCore
0x00007fff266ce000 	/System/Library/Frameworks/CoreServices.framework/Versions/A/Frameworks/Metadata.framework/Versions/A/Metadata
0x00007fff2a4bc000 	/System/Library/Frameworks/CoreServices.framework/Versions/A/Frameworks/OSServices.framework/Versions/A/OSServices
0x00007fff2a93b000 	/System/Library/Frameworks/CoreServices.framework/Versions/A/Frameworks/SearchKit.framework/Versions/A/SearchKit
0x00007fff2644f000 	/System/Library/Frameworks/CoreServices.framework/Versions/A/Frameworks/AE.framework/Versions/A/AE
0x00007fff20a98000 	/System/Library/Frameworks/CoreServices.framework/Versions/A/Frameworks/LaunchServices.framework/Versions/A/LaunchServices
0x00007fff2adbb000 	/System/Library/Frameworks/CoreServices.framework/Versions/A/Frameworks/DictionaryServices.framework/Versions/A/DictionaryServices
0x00007fff27397000 	/System/Library/Frameworks/CoreServices.framework/Versions/A/Frameworks/SharedFileList.framework/Versions/A/SharedFileList
0x00007fff29f38000 	/usr/lib/libCheckFix.dylib
0x00007fff24de4000 	/System/Library/PrivateFrameworks/TCC.framework/Versions/A/TCC
0x00007fff2923a000 	/System/Library/PrivateFrameworks/CoreNLP.framework/Versions/A/CoreNLP
0x00007fff26681000 	/System/Library/PrivateFrameworks/MetadataUtilities.framework/Versions/A/MetadataUtilities
0x00007fff21171000 	/usr/lib/libmecabra.dylib
0x00007fff2a24b000 	/System/Library/Frameworks/MLCompute.framework/Versions/A/MLCompute
0x00007fff29f6d000 	/usr/lib/libmecab.dylib
0x00007fff29fb7000 	/usr/lib/libgermantok.dylib
0x00007fff2a9a3000 	/usr/lib/libThaiTokenizer.dylib
0x00007fff2af5b000 	/usr/lib/libChineseTokenizer.dylib
0x00007fff2a9f8000 	/System/Library/Frameworks/MetalPerformanceShaders.framework/Versions/A/MetalPerformanceShaders
0x00007fff26770000 	/System/Library/Frameworks/Accelerate.framework/Versions/A/Frameworks/vImage.framework/Versions/A/vImage
0x00007fff3014f000 	/System/Library/Frameworks/Accelerate.framework/Versions/A/Frameworks/vecLib.framework/Versions/A/vecLib
0x00007fff2af66000 	/System/Library/Frameworks/Accelerate.framework/Versions/A/Frameworks/vecLib.framework/Versions/A/libvMisc.dylib
0x00007fff299a0000 	/System/Library/Frameworks/Accelerate.framework/Versions/A/Frameworks/vecLib.framework/Versions/A/libvDSP.dylib
0x00007fff20d9c000 	/System/Library/Frameworks/Accelerate.framework/Versions/A/Frameworks/vecLib.framework/Versions/A/libBLAS.dylib
0x00007fff2aa1e000 	/System/Library/Frameworks/Accelerate.framework/Versions/A/Frameworks/vecLib.framework/Versions/A/libLAPACK.dylib
0x00007fff29fbd000 	/System/Library/Frameworks/Accelerate.framework/Versions/A/Frameworks/vecLib.framework/Versions/A/libLinearAlgebra.dylib
0x00007fff2a9e5000 	/System/Library/Frameworks/Accelerate.framework/Versions/A/Frameworks/vecLib.framework/Versions/A/libSparseBLAS.dylib
0x00007fff2aa18000 	/System/Library/Frameworks/Accelerate.framework/Versions/A/Frameworks/vecLib.framework/Versions/A/libQuadrature.dylib
0x00007fff292e2000 	/System/Library/Frameworks/Accelerate.framework/Versions/A/Frameworks/vecLib.framework/Versions/A/libBNNS.dylib
0x00007fff2104e000 	/System/Library/Frameworks/Accelerate.framework/Versions/A/Frameworks/vecLib.framework/Versions/A/libSparse.dylib
0x00007fff291cd000 	/System/Library/Frameworks/MetalPerformanceShaders.framework/Versions/A/Frameworks/MPSCore.framework/Versions/A/MPSCore
0x00007fff2a408000 	/System/Library/Frameworks/MetalPerformanceShaders.framework/Versions/A/Frameworks/MPSImage.framework/Versions/A/MPSImage
0x00007fff29fd3000 	/System/Library/Frameworks/MetalPerformanceShaders.framework/Versions/A/Frameworks/MPSNeuralNetwork.framework/Versions/A/MPSNeuralNetwork
0x00007fff2a393000 	/System/Library/Frameworks/MetalPerformanceShaders.framework/Versions/A/Frameworks/MPSMatrix.framework/Versions/A/MPSMatrix
0x00007fff2a1fb000 	/System/Library/Frameworks/MetalPerformanceShaders.framework/Versions/A/Frameworks/MPSRayIntersector.framework/Versions/A/MPSRayIntersector
0x00007fff2a3ca000 	/System/Library/Frameworks/MetalPerformanceShaders.framework/Versions/A/Frameworks/MPSNDArray.framework/Versions/A/MPSNDArray
0x00007fff20cc8000 	/System/Library/PrivateFrameworks/MetalTools.framework/Versions/A/MetalTools
0x00007fff29232000 	/System/Library/PrivateFrameworks/AggregateDictionary.framework/Versions/A/AggregateDictionary
0x00007fff26659000 	/System/Library/PrivateFrameworks/CoreAnalytics.framework/Versions/A/CoreAnalytics
0x00007fff2a9a5000 	/System/Library/PrivateFrameworks/AppleSauce.framework/Versions/A/AppleSauce
0x00007fff2853f000 	/System/Library/PrivateFrameworks/IOAccelerator.framework/Versions/A/IOAccelerator
0x00007fff6cad3000 	/System/Library/Frameworks/OpenGL.framework/Versions/A/Libraries/libCoreFSCache.dylib
0x00007fff2170d000 	/System/Library/PrivateFrameworks/LanguageModeling.framework/Versions/A/LanguageModeling
0x00007fff29b74000 	/System/Library/PrivateFrameworks/CoreEmoji.framework/Versions/A/CoreEmoji
0x00007fff292db000 	/System/Library/PrivateFrameworks/LinguisticData.framework/Versions/A/LinguisticData
0x00007fff21000000 	/System/Library/PrivateFrameworks/Lexicon.framework/Versions/A/Lexicon
0x00007fff2a8b7000 	/usr/lib/libcmph.dylib
0x00007fff2736e000 	/System/Library/Frameworks/OpenDirectory.framework/Versions/A/Frameworks/CFOpenDirectory.framework/Versions/A/CFOpenDirectory
0x00007fff2735e000 	/System/Library/Frameworks/OpenDirectory.framework/Versions/A/OpenDirectory
0x00007fff2ae25000 	/System/Library/PrivateFrameworks/APFS.framework/Versions/A/APFS
0x00007fff29e99000 	/System/Library/Frameworks/SecurityFoundation.framework/Versions/A/SecurityFoundation
0x00007fff2af2e000 	/usr/lib/libutil.dylib
0x00007fff22d1b000 	/System/Library/PrivateFrameworks/CoreServicesStore.framework/Versions/A/CoreServicesStore
0x00007fff29f30000 	/System/Library/Frameworks/ServiceManagement.framework/Versions/A/ServiceManagement
0x00007fff2af32000 	/usr/lib/libxslt.1.dylib
0x00007fff29f26000 	/System/Library/PrivateFrameworks/BackgroundTaskManagement.framework/Versions/A/BackgroundTaskManagement
0x00007fff2bf27000 	/System/Library/Frameworks/ImageIO.framework/Versions/A/Resources/libRadiance.dylib
0x00007fff2bf31000 	/System/Library/Frameworks/ImageIO.framework/Versions/A/Resources/libJPEG.dylib
0x00007fff2be7c000 	/System/Library/Frameworks/ImageIO.framework/Versions/A/Resources/libPng.dylib
0x00007fff2bea3000 	/System/Library/Frameworks/ImageIO.framework/Versions/A/Resources/libTIFF.dylib
0x00007fff2bf86000 	/System/Library/Frameworks/ImageIO.framework/Versions/A/Resources/libGIF.dylib
0x00007fff2bbdf000 	/System/Library/Frameworks/ImageIO.framework/Versions/A/Resources/libJP2.dylib
0x00007fff2b2c9000 	/usr/lib/libexpat.1.dylib
0x00007fff2bb94000 	/System/Library/PrivateFrameworks/AppleJPEG.framework/Versions/A/AppleJPEG
0x00007fff28775000 	/System/Library/PrivateFrameworks/FontServices.framework/libFontParser.dylib
0x00007fff26403000 	/System/Library/PrivateFrameworks/RunningBoardServices.framework/Versions/A/RunningBoardServices
0x00007fff2bcbe000 	/System/Library/PrivateFrameworks/WatchdogClient.framework/Versions/A/WatchdogClient
0x00007fff217fa000 	/System/Library/Frameworks/CoreDisplay.framework/Versions/A/CoreDisplay
0x00007fff2868b000 	/System/Library/Frameworks/CoreMedia.framework/Versions/A/CoreMedia
0x00007fff274eb000 	/System/Library/Frameworks/CoreVideo.framework/Versions/A/CoreVideo
0x00007fff2bcf6000 	/System/Library/Frameworks/VideoToolbox.framework/Versions/A/VideoToolbox
0x00007fff26381000 	/System/Library/PrivateFrameworks/BaseBoard.framework/Versions/A/BaseBoard
0x00007fff2b40e000 	/System/Library/PrivateFrameworks/PersistentConnection.framework/Versions/A/PersistentConnection
0x00007fff26114000 	/System/Library/PrivateFrameworks/ProtocolBuffer.framework/Versions/A/ProtocolBuffer
0x00007fff26368000 	/System/Library/PrivateFrameworks/CommonUtilities.framework/Versions/A/CommonUtilities
0x00007fff2bb29000 	/System/Library/PrivateFrameworks/Bom.framework/Versions/A/Bom
0x00007fff2bf20000 	/System/Library/PrivateFrameworks/GPUWrangler.framework/Versions/A/GPUWrangler
0x00007fff2bf03000 	/System/Library/PrivateFrameworks/IOPresentment.framework/Versions/A/IOPresentment
0x00007fff2bf2b000 	/System/Library/PrivateFrameworks/DSExternalDisplay.framework/Versions/A/DSExternalDisplay
0x00007fff2bf8b000 	/System/Library/PrivateFrameworks/CMCaptureCore.framework/Versions/A/CMCaptureCore
0x00007fff2b8ae000 	/System/Library/PrivateFrameworks/AppServerSupport.framework/Versions/A/AppServerSupport
0x00007fff2d95f000 	/System/Library/PrivateFrameworks/perfdata.framework/Versions/A/perfdata
0x00007fff29e88000 	/System/Library/PrivateFrameworks/AssertionServices.framework/Versions/A/AssertionServices
0x00007fff21931000 	/System/Library/PrivateFrameworks/AudioToolboxCore.framework/Versions/A/AudioToolboxCore
0x00007fff2866e000 	/System/Library/PrivateFrameworks/caulk.framework/Versions/A/caulk
0x00007fff3d60a000 	/System/Library/PrivateFrameworks/SystemPolicy.framework/Versions/A/SystemPolicy
0x00007fff2b0be000 	/usr/lib/libIOReport.dylib
0x00007fff2d181000 	/usr/lib/libSMC.dylib
0x00007fff2be49000 	/usr/lib/libAudioToolboxUtility.dylib
0x00007fff3df74000 	/usr/lib/libmis.dylib
0x00007fff6cb2f000 	/System/Library/Frameworks/OpenGL.framework/Versions/A/Libraries/libGLU.dylib
0x00007fff6caf2000 	/System/Library/Frameworks/OpenGL.framework/Versions/A/Libraries/libGFXShared.dylib
0x00007fff6cd01000 	/System/Library/Frameworks/OpenGL.framework/Versions/A/Libraries/libGL.dylib
0x00007fff6cafb000 	/System/Library/Frameworks/OpenGL.framework/Versions/A/Libraries/libGLImage.dylib
0x00007fff6caef000 	/System/Library/Frameworks/OpenGL.framework/Versions/A/Libraries/libCVMSPluginSupport.dylib
0x00007fff6cada000 	/System/Library/Frameworks/OpenGL.framework/Versions/A/Libraries/libCoreVMClient.dylib
0x00007fff6e142000 	/System/Library/Frameworks/OpenCL.framework/Versions/A/OpenCL
0x00007fff2b438000 	/System/Library/PrivateFrameworks/GraphVisualizer.framework/Versions/A/GraphVisualizer
0x00007fff2b447000 	/System/Library/PrivateFrameworks/FaceCore.framework/Versions/A/FaceCore
0x00007fff2b863000 	/System/Library/PrivateFrameworks/OTSVG.framework/Versions/A/OTSVG
0x00007fff270e2000 	/System/Library/Frameworks/ApplicationServices.framework/Versions/A/Frameworks/ATS.framework/Versions/A/Resources/libFontRegistry.dylib
0x00007fff2b8b5000 	/System/Library/PrivateFrameworks/FontServices.framework/libhvf.dylib
0x00007fff2b275000 	/System/Library/PrivateFrameworks/AppleVA.framework/Versions/A/AppleVA
0x00007fff2cfca000 	/System/Library/Frameworks/ApplicationServices.framework/Versions/A/Frameworks/ATS.framework/Versions/A/ATS
0x00007fff2d2dc000 	/System/Library/Frameworks/ApplicationServices.framework/Versions/A/Frameworks/ColorSyncLegacy.framework/Versions/A/ColorSyncLegacy
0x00007fff258ee000 	/System/Library/Frameworks/ApplicationServices.framework/Versions/A/Frameworks/HIServices.framework/Versions/A/HIServices
0x00007fff2d2c1000 	/System/Library/Frameworks/ApplicationServices.framework/Versions/A/Frameworks/LangAnalysis.framework/Versions/A/LangAnalysis
0x00007fff2bf95000 	/System/Library/Frameworks/ApplicationServices.framework/Versions/A/Frameworks/PrintCore.framework/Versions/A/PrintCore
0x00007fff2d2e4000 	/System/Library/Frameworks/ApplicationServices.framework/Versions/A/Frameworks/QD.framework/Versions/A/QD
0x00007fff2cfba000 	/System/Library/Frameworks/ApplicationServices.framework/Versions/A/Frameworks/SpeechSynthesis.framework/Versions/A/SpeechSynthesis
0x00007fff2bf56000 	/System/Library/Frameworks/ApplicationServices.framework/Versions/A/Frameworks/ATSUI.framework/Versions/A/ATSUI
0x00007fff2d261000 	/usr/lib/libcups.2.dylib
0x00007fff2d2d1000 	/System/Library/PrivateFrameworks/NetAuth.framework/Versions/A/NetAuth
0x00007fff2d97b000 	/System/Library/Frameworks/Kerberos.framework/Versions/A/Kerberos
0x00007fff2d98b000 	/System/Library/Frameworks/GSS.framework/Versions/A/GSS
0x00007fff2d036000 	/usr/lib/libresolv.9.dylib
0x00007fff2b8ca000 	/System/Library/PrivateFrameworks/Heimdal.framework/Versions/A/Heimdal
0x00007fff3370f000 	/System/Library/Frameworks/Kerberos.framework/Versions/A/Libraries/libHeimdalProxy.dylib
0x00007fff264d4000 	/System/Library/Frameworks/Network.framework/Versions/A/Network
0x00007fff2b2e3000 	/usr/lib/libheimdal-asn1.dylib
0x00007fff2d9db000 	/System/Library/PrivateFrameworks/CommonAuth.framework/Versions/A/CommonAuth
0x00007fff27538000 	/System/Library/PrivateFrameworks/login.framework/Versions/A/Frameworks/loginsupport.framework/Versions/A/loginsupport
0x00007fff2cf3f000 	/System/Library/PrivateFrameworks/AudioSession.framework/Versions/A/AudioSession
0x00007fff2cfa7000 	/usr/lib/libAudioStatistics.dylib
0x00007fff2b370000 	/System/Library/PrivateFrameworks/MediaExperience.framework/Versions/A/MediaExperience
0x00007fff2cddc000 	/System/Library/PrivateFrameworks/AudioSession.framework/libSessionUtility.dylib
0x00007fff2d96c000 	/usr/lib/libperfcheck.dylib
0x00007fff2d2f0000 	/System/Library/PrivateFrameworks/AudioResourceArbitration.framework/Versions/A/AudioResourceArbitration
0x00007fff2b2ed000 	/System/Library/PrivateFrameworks/IconFoundation.framework/Versions/A/IconFoundation
0x00007fff2fe19000 	/System/Library/PrivateFrameworks/SpeechRecognitionCore.framework/Versions/A/SpeechRecognitionCore
0x000000010e000000 	/Library/Internet Plug-Ins/JavaAppletPlugin.plugin/Contents/Home/lib/server/libjvm.dylib
0x000000010b971000 	/Library/Internet Plug-Ins/JavaAppletPlugin.plugin/Contents/Home/lib/libverify.dylib
0x000000010b982000 	/Library/Internet Plug-Ins/JavaAppletPlugin.plugin/Contents/Home/lib/libjava.dylib
0x000000010b9ff000 	/Library/Internet Plug-Ins/JavaAppletPlugin.plugin/Contents/Home/lib/libzip.dylib
0x0000000114228000 	/Library/Internet Plug-Ins/JavaAppletPlugin.plugin/Contents/Home/lib/libmanagement.dylib
0x000000011444c000 	/Library/Internet Plug-Ins/JavaAppletPlugin.plugin/Contents/Home/lib/libnet.dylib
0x0000000114466000 	/Library/Internet Plug-Ins/JavaAppletPlugin.plugin/Contents/Home/lib/libnio.dylib
0x0000000114b1b000 	/Library/Internet Plug-Ins/JavaAppletPlugin.plugin/Contents/Home/lib/libsunec.dylib
0x000000011545a000 	/Library/Internet Plug-Ins/JavaAppletPlugin.plugin/Contents/Home/lib/libunpack.dylib
0x0000000115c7f000 	/Library/Internet Plug-Ins/JavaAppletPlugin.plugin/Contents/Home/lib/libawt.dylib
0x0000000115d1f000 	/Library/Internet Plug-Ins/JavaAppletPlugin.plugin/Contents/Home/lib/libmlib_image.dylib
0x00007fff6f96f000 	/System/Library/Frameworks/JavaNativeFoundation.framework/Versions/A/JavaNativeFoundation
0x00007fff6f97b000 	/System/Library/Frameworks/JavaRuntimeSupport.framework/Versions/A/JavaRuntimeSupport
0x00007fff3d382000 	/System/Library/Frameworks/Carbon.framework/Versions/A/Carbon
0x00007fff31de3000 	/System/Library/PrivateFrameworks/CoreSymbolication.framework/Versions/A/CoreSymbolication
0x00007fff3667c000 	/System/Library/Frameworks/Carbon.framework/Versions/A/Frameworks/CommonPanels.framework/Versions/A/CommonPanels
0x00007fff331c9000 	/System/Library/Frameworks/Carbon.framework/Versions/A/Frameworks/Help.framework/Versions/A/Help
0x00007fff36680000 	/System/Library/Frameworks/Carbon.framework/Versions/A/Frameworks/ImageCapture.framework/Versions/A/ImageCapture
0x00007fff36658000 	/System/Library/Frameworks/Carbon.framework/Versions/A/Frameworks/OpenScripting.framework/Versions/A/OpenScripting
0x00007fff36678000 	/System/Library/Frameworks/Carbon.framework/Versions/A/Frameworks/Ink.framework/Versions/A/Ink
0x00007fff3d37e000 	/System/Library/Frameworks/Carbon.framework/Versions/A/Frameworks/Print.framework/Versions/A/Print
0x00007fff36674000 	/System/Library/Frameworks/Carbon.framework/Versions/A/Frameworks/SecurityHI.framework/Versions/A/SecurityHI
0x00007fff31da6000 	/System/Library/PrivateFrameworks/DebugSymbols.framework/Versions/A/DebugSymbols
0x0000000115dde000 	/Library/Internet Plug-Ins/JavaAppletPlugin.plugin/Contents/Home/lib/libawt_lwawt.dylib
0x0000000115e8d000 	/Library/Internet Plug-Ins/JavaAppletPlugin.plugin/Contents/Home/lib/libosxapp.dylib
0x00007fff3c742000 	/System/Library/Frameworks/ExceptionHandling.framework/Versions/A/ExceptionHandling
0x00007fff22cdc000 	/System/Library/PrivateFrameworks/CoreServicesInternal.framework/Versions/A/CoreServicesInternal
0x00007fff312ff000 	/System/Library/Frameworks/FileProvider.framework/Versions/A/FileProvider
0x00007fff262eb000 	/System/Library/Frameworks/Accounts.framework/Versions/A/Accounts
0x00007fff31420000 	/System/Library/PrivateFrameworks/GenerationalStorage.framework/Versions/A/GenerationalStorage
0x00007fff30d1e000 	/System/Library/PrivateFrameworks/SymptomDiagnosticReporter.framework/Versions/A/SymptomDiagnosticReporter
0x00007fff2e624000 	/System/Library/PrivateFrameworks/AppContainer.framework/Versions/A/AppContainer
0x00007fff23e28000 	/System/Library/PrivateFrameworks/DesktopServicesPriv.framework/Versions/A/DesktopServicesPriv
0x00007fff22e11000 	/usr/lib/libsandbox.1.dylib
0x00007fff27564000 	/System/Library/PrivateFrameworks/UserManagement.framework/Versions/A/UserManagement
0x00007fff29e65000 	/System/Library/PrivateFrameworks/MobileKeyBag.framework/Versions/A/MobileKeyBag
0x00007fff34779000 	/System/Library/PrivateFrameworks/ChunkingLibrary.framework/Versions/A/ChunkingLibrary
0x00007fff2e639000 	/System/Library/PrivateFrameworks/SecCodeWrapper.framework/Versions/A/SecCodeWrapper
0x00007fff2b0c6000 	/System/Library/PrivateFrameworks/CrashReporterSupport.framework/Versions/A/CrashReporterSupport
0x00007fff484fd000 	/System/Library/PrivateFrameworks/OSAnalytics.framework/Versions/A/OSAnalytics
0x00007fff78307000 	/usr/lib/libRosetta.dylib
0x00007fff3315a000 	/System/Library/PrivateFrameworks/RemoteServiceDiscovery.framework/Versions/A/RemoteServiceDiscovery
0x00007fff524d4000 	/System/Library/PrivateFrameworks/Symbolication.framework/Versions/A/Symbolication
0x00007fff3316a000 	/System/Library/PrivateFrameworks/RemoteXPC.framework/Versions/A/RemoteXPC
0x00007fff39675000 	/System/Library/PrivateFrameworks/OSAServicesClient.framework/Versions/A/OSAServicesClient
0x00007fff3df53000 	/System/Library/PrivateFrameworks/MallocStackLogging.framework/Versions/A/MallocStackLogging
0x00007fff2e3bb000 	/System/Library/PrivateFrameworks/Sharing.framework/Versions/A/Sharing
0x00007fff32d37000 	/System/Library/PrivateFrameworks/Apple80211.framework/Versions/A/Apple80211
0x00007fff2a4ea000 	/System/Library/PrivateFrameworks/AuthKit.framework/Versions/A/AuthKit
0x00007fff29c65000 	/System/Library/PrivateFrameworks/CoreUtils.framework/Versions/A/CoreUtils
0x00007fff29b92000 	/System/Library/Frameworks/CoreWLAN.framework/Versions/A/CoreWLAN
0x00007fff2e503000 	/System/Library/Frameworks/IOBluetooth.framework/Versions/A/IOBluetooth
0x00007fff32d9b000 	/System/Library/PrivateFrameworks/CoreWiFi.framework/Versions/A/CoreWiFi
0x00007fff2da63000 	/System/Library/PrivateFrameworks/CorePhoneNumbers.framework/Versions/A/CorePhoneNumbers
0x00007fff30e26000 	/System/Library/PrivateFrameworks/DiskManagement.framework/Versions/A/DiskManagement
0x00007fff30d3c000 	/System/Library/PrivateFrameworks/AppleIDAuthSupport.framework/Versions/A/AppleIDAuthSupport
0x00007fff2da40000 	/System/Library/PrivateFrameworks/KeychainCircle.framework/Versions/A/KeychainCircle
0x00007fff30df2000 	/System/Library/PrivateFrameworks/MediaKit.framework/Versions/A/MediaKit
0x00007fff30d49000 	/System/Library/Frameworks/DiscRecording.framework/Versions/A/DiscRecording
0x00007fff2b1e9000 	/usr/lib/libCoreStorage.dylib
0x00007fff331d5000 	/usr/lib/libcsfde.dylib
0x00007fff2e63d000 	/System/Library/PrivateFrameworks/ProtectedCloudStorage.framework/Versions/A/ProtectedCloudStorage
0x00007fff331cd000 	/System/Library/PrivateFrameworks/EFILogin.framework/Versions/A/EFILogin
0x00007fff337c2000 	/System/Library/Frameworks/AudioUnit.framework/Versions/A/AudioUnit
0x00007fff30cbb000 	/System/Library/Frameworks/CoreBluetooth.framework/Versions/A/CoreBluetooth
0x00007fff2b1e1000 	/usr/lib/libMatch.1.dylib
0x00000001176c6000 	/usr/lib/libobjc-trampolines.dylib
0x00007fff4418e000 	/System/Library/CoreServices/RawCamera.bundle/Contents/MacOS/RawCamera
0x00007fff2d9ec000 	/System/Library/PrivateFrameworks/MobileAsset.framework/Versions/A/MobileAsset
0x00007fff337e7000 	/System/Library/PrivateFrameworks/StreamingZip.framework/Versions/A/StreamingZip
0x00007fff2c18e000 	/System/Library/Frameworks/MediaToolbox.framework/Versions/A/MediaToolbox
0x00007fff312d1000 	/System/Library/PrivateFrameworks/CoreAVCHD.framework/Versions/A/CoreAVCHD
0x00007fff30485000 	/System/Library/Frameworks/MediaAccessibility.framework/Versions/A/MediaAccessibility
0x00007fff312cd000 	/System/Library/PrivateFrameworks/Mangrove.framework/Versions/A/Mangrove
0x00007fff30491000 	/System/Library/PrivateFrameworks/AlgosScoreFramework.framework/Versions/A/AlgosScoreFramework
0x00007fff31c96000 	/System/Library/PrivateFrameworks/AppleVPA.framework/Versions/A/AppleVPA
0x00007fff30f12000 	/System/Library/PrivateFrameworks/CoreAUC.framework/Versions/A/CoreAUC
0x00007fff41b80000 	/System/Library/Frameworks/Accelerate.framework/Versions/A/Frameworks/vImage.framework/Versions/A/Libraries/libCGInterfaces.dylib
0x00007fff27266000 	/System/Library/PrivateFrameworks/ViewBridge.framework/Versions/A/ViewBridge
0x00007fff2b98b000 	/System/Library/PrivateFrameworks/login.framework/Versions/A/login
0x0000000118d80000 	/Library/Internet Plug-Ins/JavaAppletPlugin.plugin/Contents/Home/lib/libfontmanager.dylib
0x0000000118de1000 	/Applications/Games/MultiMC.app/Contents/MacOS/instances/1.12.2/natives/liblwjgl.dylib
0x0000000118e63000 	/Library/Internet Plug-Ins/JavaAppletPlugin.plugin/Contents/Home/lib/libjawt.dylib
0x00007fff703ab000 	/System/Library/PrivateFrameworks/AccessibilityBundles.framework/Versions/A/AccessibilityBundles
0x00007fff6cd0c000 	/System/Library/Frameworks/OpenGL.framework/Versions/A/Resources/GLEngine.bundle/GLEngine
0x00007fff6cb6c000 	/System/Library/Frameworks/OpenGL.framework/Versions/A/Libraries/libGLProgrammability.dylib
0x00007fff631f5000 	/System/Library/Extensions/AppleIntelSKLGraphicsGLDriver.bundle/Contents/MacOS/AppleIntelSKLGraphicsGLDriver
0x00007fff46e8f000 	/System/Library/PrivateFrameworks/GPUSupport.framework/Versions/A/Libraries/libGPUSupportMercury.dylib
0x00007fff6ce88000 	/System/Library/Frameworks/OpenGL.framework/Versions/A/Resources/GLRendererFloat.bundle/GLRendererFloat
0x0000000145297000 	/Library/Internet Plug-Ins/JavaAppletPlugin.plugin/Contents/Home/lib/libjpeg.dylib
0x0000000156ce4000 	/Applications/Games/MultiMC.app/Contents/MacOS/instances/1.12.2/.minecraft/OpenComputersMod-1.7.5.192-lua52-native.64.dylib
0x0000000156d4e000 	/Applications/Games/MultiMC.app/Contents/MacOS/instances/1.12.2/.minecraft/OpenComputersMod-1.7.5.192-lua53-native.64.dylib
0x000000015d998000 	/Applications/Games/MultiMC.app/Contents/MacOS/instances/1.12.2/natives/openal.dylib
0x000000015da20000 	/Library/QuickTime/EyeTV MPEG Support.component/Contents/MacOS/EyeTV MPEG Support
0x00007fff78a1b000 	/usr/lib/libstdc++.6.dylib
0x000000015e02f000 	/System/Library/Components/CoreAudio.component/Contents/MacOS/CoreAudio
0x000000015e1cb000 	/System/Library/Extensions/AppleHDA.kext/Contents/PlugIns/AppleHDAHALPlugIn.bundle/Contents/MacOS/AppleHDAHALPlugIn

VM Arguments:
jvm_args: -Xms1024m -Xmx8192m -Duser.language=en -Djava.library.path=/Applications/Games/MultiMC.app/Contents/MacOS/instances/1.12.2/natives 
java_command: org.multimc.EntryPoint
java_class_path (initial): /Applications/Games/MultiMC.app/Contents/MacOS/jars/NewLaunch.jar:/Applications/Games/MultiMC.app/Contents/MacOS/libraries/net/java/jinput/jinput/2.0.5/jinput-2.0.5.jar:/Applications/Games/MultiMC.app/Contents/MacOS/libraries/net/java/jutils/jutils/1.0.0/jutils-1.0.0.jar:/Applications/Games/MultiMC.app/Contents/MacOS/libraries/org/lwjgl/lwjgl/lwjgl/2.9.4-nightly-20150209/lwjgl-2.9.4-nightly-20150209.jar:/Applications/Games/MultiMC.app/Contents/MacOS/libraries/org/lwjgl/lwjgl/lwjgl_util/2.9.4-nightly-20150209/lwjgl_util-2.9.4-nightly-20150209.jar:/Applications/Games/MultiMC.app/Contents/MacOS/libraries/com/mojang/patchy/1.1/patchy-1.1.jar:/Applications/Games/MultiMC.app/Contents/MacOS/libraries/oshi-project/oshi-core/1.1/oshi-core-1.1.jar:/Applications/Games/MultiMC.app/Contents/MacOS/libraries/net/java/dev/jna/jna/4.4.0/jna-4.4.0.jar:/Applications/Games/MultiMC.app/Contents/MacOS/libraries/net/java/dev/jna/platform/3.4.0/platform-3.4.0.jar:/Applications/Games/MultiMC.app/Contents/MacOS/libraries/com/ibm/icu/icu4j-core-mojang/51.2/icu4j-core-mojang-51.2.jar:/Applications/Games/MultiMC.app/Contents/MacOS/libraries/net/sf/jopt-simple/jopt-simple/5.0.3/jopt-simple-5.0.3.jar:/Applications/Games/MultiMC.app/Contents/MacOS/libraries/com/paulscode/codecjorbis/20101023/codecjorbis-20101023.jar:/Applications/Games/MultiMC.app/Contents/MacOS/libraries/com/paulscode/codecwav/20101023/codecwav-20101023.jar:/Applications/Games/MultiMC.app/Contents/MacOS/libraries/com/paulscode/libraryjavasound/20101123/libraryjavasound-20101123.jar:/Applications/Games/MultiMC.app/Contents/MacOS/libraries/com/paulscode/librarylwjglopenal/20100824/librarylwjglopenal-20100824.jar:/Applications/Games/MultiMC.app/Contents/MacOS/libraries/com/paulscode/soundsystem/20120107/soundsystem-20120107.jar:/Applications/Games/MultiMC.app/Contents/MacOS/libraries/io/netty/netty-all/4.1.9.Final/netty-all-4.1.9.Final.jar:/Applications/Games/MultiMC.app/Contents/MacOS/libraries/com/goog
Launcher Type: SUN_STANDARD

Environment Variables:
PATH=/usr/bin:/bin:/usr/sbin:/sbin
SHELL=/bin/zsh
DISPLAY=/private/tmp/com.apple.launchd.qDCIU7cWFw/org.macosforge.xquartz:0

Signal Handlers:
SIGSEGV: [libjvm.dylib+0x5a1f9b], sa_mask[0]=11111111011111110111111111111111, sa_flags=SA_ONSTACK|SA_RESTART|SA_SIGINFO
SIGBUS: [libjvm.dylib+0x5a1f9b], sa_mask[0]=11111111011111110111111111111111, sa_flags=SA_RESTART|SA_SIGINFO
SIGFPE: [libjvm.dylib+0x492701], sa_mask[0]=11111111011111110111111111111111, sa_flags=SA_RESTART|SA_SIGINFO
SIGPIPE: [libjvm.dylib+0x492701], sa_mask[0]=11111111011111110111111111111111, sa_flags=SA_RESTART|SA_SIGINFO
SIGXFSZ: [libjvm.dylib+0x492701], sa_mask[0]=11111111011111110111111111111111, sa_flags=SA_RESTART|SA_SIGINFO
SIGILL: [libjvm.dylib+0x492701], sa_mask[0]=11111111011111110111111111111111, sa_flags=SA_RESTART|SA_SIGINFO
SIGUSR1: SIG_DFL, sa_mask[0]=00000000000000000000000000000000, sa_flags=none
SIGUSR2: [libjvm.dylib+0x492ffa], sa_mask[0]=00000000000000000000000000000000, sa_flags=SA_RESTART|SA_SIGINFO
SIGHUP: [libjvm.dylib+0x491209], sa_mask[0]=11111111011111110111111111111111, sa_flags=SA_RESTART|SA_SIGINFO
SIGINT: [libjvm.dylib+0x491209], sa_mask[0]=11111111011111110111111111111111, sa_flags=SA_RESTART|SA_SIGINFO
SIGTERM: [libjvm.dylib+0x491209], sa_mask[0]=11111111011111110111111111111111, sa_flags=SA_RESTART|SA_SIGINFO
SIGQUIT: [libjvm.dylib+0x491209], sa_mask[0]=11111111011111110111111111111111, sa_flags=SA_RESTART|SA_SIGINFO


---------------  S Y S T E M  ---------------

OS:Bsduname:Darwin 20.3.0 Darwin Kernel Version 20.3.0: Thu Jan 21 00:07:06 PST 2021; root:xnu-7195.81.3~1/RELEASE_X86_64 x86_64
rlimit: STACK 8192k, CORE 0k, NPROC 2784, NOFILE 10240, AS infinity
load average:6.67 7.42 7.71

CPU:total 4 (initial active 4) (2 cores per cpu, 2 threads per core) family 6 model 78 stepping 3, cmov, cx8, fxsr, mmx, sse, sse2, sse3, ssse3, sse4.1, sse4.2, popcnt, avx, avx2, aes, clmul, erms, 3dnowpref, lzcnt, ht, tsc, tscinvbit, bmi1, bmi2, adx

Memory: 4k page, physical 16777216k(226160k free)

/proc/meminfo:


vm_info: Java HotSpot(TM) 64-Bit Server VM (25.281-b09) for bsd-amd64 JRE (1.8.0_281-b09), built on Dec  9 2020 12:44:49 by "java_re" with gcc 4.2.1 Compatible Apple LLVM 10.0.0 (clang-1000.11.45.5)

time: Mon Mar 15 12:44:27 2021
timezone: EDT
elapsed time: 1162.553491 seconds (0d 0h 19m 22s)

